[19:01:43] This is prokka 1.14.6
[19:01:43] Written by Torsten Seemann <torsten.seemann@gmail.com>
[19:01:43] Homepage is https://github.com/tseemann/prokka
[19:01:43] Local time is Sat Sep 28 19:01:43 2024
[19:01:43] You are maulanmi
[19:01:43] Operating system is linux
[19:01:43] You have BioPerl 1.007002
[19:01:43] System has 40 cores.
[19:01:43] Will use maximum of 8 cores.
[19:01:43] Annotating as >>> Bacteria <<<
[19:01:43] Generating locus_tag from '/home/maulanmi/genome_annotation/data/GCA_000008525.1/GCA_000008525.1_ASM852v1_genomic.fna' contents.
[19:01:43] Setting --locustag GCFEBHJJ from MD5 0cfeb1334bb136474763e912f95e5bfb
[19:01:43] Creating new output folder: /home/maulanmi/genome_annotation/prokka_with_genes/GCA_000008525.1_ASM852v1_genomic_output
[19:01:43] Running: mkdir -p \/home\/maulanmi\/genome_annotation\/prokka_with_genes\/GCA_000008525\.1_ASM852v1_genomic_output
[19:01:43] Using filename prefix: PROKKA_09282024.XXX
[19:01:43] Setting HMMER_NCPU=1
[19:01:43] Writing log to: /home/maulanmi/genome_annotation/prokka_with_genes/GCA_000008525.1_ASM852v1_genomic_output/PROKKA_09282024.log
[19:01:43] Command: /ibex/sw/csi/prokka/1.14.5/conda2/miniconda2/bin/prokka /home/maulanmi/genome_annotation/data/GCA_000008525.1/GCA_000008525.1_ASM852v1_genomic.fna --addgenes --outdir /home/maulanmi/genome_annotation/prokka_with_genes/GCA_000008525.1_ASM852v1_genomic_output
[19:01:43] Appending to PATH: /ibex/sw/csi/prokka/1.14.5/conda2/miniconda2/bin
[19:01:43] Looking for 'aragorn' - found /ibex/sw/csi/prokka/1.14.5/conda2/miniconda2/bin/aragorn
[19:01:43] Determined aragorn version is 001002 from 'ARAGORN v1.2.38 Dean Laslett'
[19:01:43] Looking for 'barrnap' - found /ibex/sw/csi/prokka/1.14.5/conda2/miniconda2/bin/barrnap
[19:01:43] Determined barrnap version is 000009 from 'barrnap 0.9'
[19:01:43] Looking for 'blastp' - found /ibex/sw/csi/prokka/1.14.5/conda2/miniconda2/bin/blastp
[19:01:43] Determined blastp version is 002010 from 'blastp: 2.10.1+'
[19:01:43] Looking for 'cmpress' - found /ibex/sw/csi/prokka/1.14.5/conda2/miniconda2/bin/cmpress
[19:01:43] Determined cmpress version is 001001 from '# INFERNAL 1.1.3 (Nov 2019)'
[19:01:43] Looking for 'cmscan' - found /ibex/sw/csi/prokka/1.14.5/conda2/miniconda2/bin/cmscan
[19:01:43] Determined cmscan version is 001001 from '# INFERNAL 1.1.3 (Nov 2019)'
[19:01:43] Looking for 'egrep' - found /usr/bin/egrep
[19:01:43] Looking for 'find' - found /usr/bin/find
[19:01:43] Looking for 'grep' - found /usr/bin/grep
[19:01:43] Looking for 'hmmpress' - found /ibex/sw/csi/prokka/1.14.5/conda2/miniconda2/bin/hmmpress
[19:01:43] Determined hmmpress version is 003003 from '# HMMER 3.3.2 (Nov 2020); http://hmmer.org/'
[19:01:43] Looking for 'hmmscan' - found /ibex/sw/csi/prokka/1.14.5/conda2/miniconda2/bin/hmmscan
[19:01:43] Determined hmmscan version is 003003 from '# HMMER 3.3.2 (Nov 2020); http://hmmer.org/'
[19:01:43] Looking for 'java' - found /ibex/sw/csi/prokka/1.14.5/conda2/miniconda2/bin/java
[19:01:43] Looking for 'makeblastdb' - found /ibex/sw/csi/prokka/1.14.5/conda2/miniconda2/bin/makeblastdb
[19:01:43] Determined makeblastdb version is 002010 from 'makeblastdb: 2.10.1+'
[19:01:43] Looking for 'minced' - found /ibex/sw/csi/prokka/1.14.5/conda2/miniconda2/bin/minced
[19:01:43] Determined minced version is 004002 from 'minced 0.4.2'
[19:01:43] Looking for 'parallel' - found /ibex/sw/csi/prokka/1.14.5/conda2/miniconda2/bin/parallel
[19:01:44] Determined parallel version is 20201122 from 'GNU parallel 20201122'
[19:01:44] Looking for 'prodigal' - found /ibex/sw/csi/prokka/1.14.5/conda2/miniconda2/bin/prodigal
[19:01:44] Determined prodigal version is 002006 from 'Prodigal V2.6.3: February, 2016'
[19:01:44] Looking for 'prokka-genbank_to_fasta_db' - found /ibex/sw/csi/prokka/1.14.5/conda2/miniconda2/bin/prokka-genbank_to_fasta_db
[19:01:44] Looking for 'sed' - found /usr/bin/sed
[19:01:44] Looking for 'tbl2asn' - found /ibex/sw/csi/prokka/1.14.5/conda2/miniconda2/bin/tbl2asn
[19:01:44] Determined tbl2asn version is 025007 from 'tbl2asn 25.7   arguments:'
[19:01:44] Using genetic code table 11.
[19:01:44] Loading and checking input file: /home/maulanmi/genome_annotation/data/GCA_000008525.1/GCA_000008525.1_ASM852v1_genomic.fna
[19:01:44] Wrote 1 contigs totalling 1667867 bp.
[19:01:44] Predicting tRNAs and tmRNAs
[19:01:44] Running: aragorn -l -gc11  -w \/home\/maulanmi\/genome_annotation\/prokka_with_genes\/GCA_000008525\.1_ASM852v1_genomic_output\/PROKKA_09282024\.fna
[19:01:44] 1 tRNA-Glu c[4247,4322] 35 (ttc)
[19:01:44] 2 tRNA-Asp c[4385,4461] 35 (gtc)
[19:01:44] 3 tRNA-Val c[4502,4577] 34 (tac)
[19:01:44] 4 tRNA-Glu c[4619,4693] 34 (ttc)
[19:01:44] 5 tRNA-Lys c[4704,4779] 34 (ttt)
[19:01:44] 6 tRNA-Val c[78206,78281] 34 (gac)
[19:01:44] 7 tRNA-Ser [96959,97050] 36 (gct)
[19:01:44] 8 tRNA-Asn c[238504,238578] 33 (gtt)
[19:01:44] 9 tRNA-Ala c[261485,261560] 34 (ggc)
[19:01:44] 10 tRNA-Arg [345390,345466] 35 (gcg)
[19:01:44] 11 tRNA-Ala c[369879,369954] 34 (tgc)
[19:01:44] 12 tRNA-Ile c[369969,370045] 35 (gat)
[19:01:44] 13 tRNA-Leu [374829,374913] 35 (tag)
[19:01:44] 14 tRNA-Pro [424676,424753] 36 (tgg)
[19:01:44] 15 tRNA-His [424819,424895] 35 (gtg)
[19:01:44] 16 tRNA-Arg [424953,425029] 35 (tcg)
[19:01:44] 17 tRNA-Arg [425052,425128] 35 (tct)
[19:01:44] 18 tRNA-Met c[797753,797829] 35 (cat)
[19:01:44] 19 tmRNA c[838427,838812] 84,128 VNNTDYAPAYAKAA*
[19:01:44] 20 tRNA-Arg [887942,888018] 35 (cct)
[19:01:44] 21 tRNA-Met c[949897,949973] 35 (cat)
[19:01:44] 22 tRNA-Gln c[949992,950066] 33 (ttg)
[19:01:44] 23 tRNA-Gly [1005696,1005770] 33 (gcc)
[19:01:44] 24 tRNA-Leu [1006166,1006252] 35 (taa)
[19:01:44] 25 tRNA-Cys [1006326,1006400] 33 (gca)
[19:01:44] 26 tRNA-Ser [1006448,1006535] 35 (tga)
[19:01:44] 27 tRNA-Pro [1072258,1072335] 36 (ggg)
[19:01:44] 28 tRNA-Ser [1125286,1125373] 35 (gga)
[19:01:44] 29 tRNA-Met c[1249277,1249354] 36 (cat)
[19:01:44] 30 tRNA-Trp c[1280370,1280445] 34 (cca)
[19:01:44] 31 tRNA-Thr c[1282005,1282079] 33 (ggt)
[19:01:44] 32 tRNA-Gly c[1282110,1282186] 35 (tcc)
[19:01:44] 33 tRNA-Tyr c[1282202,1282286] 35 (gta)
[19:01:44] 34 tRNA-Thr c[1282314,1282389] 34 (tgt)
[19:01:44] 35 tRNA-Leu c[1287787,1287873] 35 (caa)
[19:01:44] 36 tRNA-Leu c[1287929,1288015] 35 (gag)
[19:01:44] 37 tRNA-Phe [1605878,1605953] 34 (gaa)
[19:01:44] Found 37 tRNAs
[19:01:44] Predicting Ribosomal RNAs
[19:01:44] Running Barrnap with 8 threads
[19:01:45] 1 AE000511.1 445340 23S ribosomal RNA
[19:01:45] 2 AE000511.1 1207582 16S ribosomal RNA
[19:01:45] 3 AE000511.1 1473919 23S ribosomal RNA
[19:01:45] 4 AE000511.1 1511136 16S ribosomal RNA
[19:01:45] Found 4 rRNAs
[19:01:45] Skipping ncRNA search, enable with --rfam if desired.
[19:01:45] Total of 40 tRNA + rRNA features
[19:01:45] Searching for CRISPR repeats
[19:01:45] Found 0 CRISPRs
[19:01:45] Predicting coding sequences
[19:01:45] Contigs total 1667867 bp, so using single mode
[19:01:45] Running: prodigal -i \/home\/maulanmi\/genome_annotation\/prokka_with_genes\/GCA_000008525\.1_ASM852v1_genomic_output\/PROKKA_09282024\.fna -c -m -g 11 -p single -f sco -q
[19:01:48] Excluding CDS which overlaps existing RNA (tRNA) at AE000511.1:797791..798912 on - strand
[19:01:48] Excluding CDS which overlaps existing RNA (tRNA) at AE000511.1:950022..950648 on + strand
[19:01:49] Found 1577 CDS
[19:01:49] Connecting features back to sequences
[19:01:49] Not using genus-specific database. Try --usegenus to enable it.
[19:01:49] Annotating CDS, please be patient.
[19:01:49] Will use 8 CPUs for similarity searching.
[19:01:49] There are still 1577 unannotated CDS left (started with 1577)
[19:01:49] Will use blast to search against /ibex/sw/csi/prokka/1.14.5/conda2/miniconda2/db/kingdom/Bacteria/IS with 8 CPUs
[19:01:49] Running: cat \/home\/maulanmi\/genome_annotation\/prokka_with_genes\/GCA_000008525\.1_ASM852v1_genomic_output\/PROKKA_09282024\.IS\.tmp\.2941619\.faa | parallel --gnu --plain -j 8 --block 32042 --recstart '>' --pipe blastp -query - -db /ibex/sw/csi/prokka/1.14.5/conda2/miniconda2/db/kingdom/Bacteria/IS -evalue 1e-30 -qcov_hsp_perc 90 -num_threads 1 -num_descriptions 1 -num_alignments 1 -seg no > \/home\/maulanmi\/genome_annotation\/prokka_with_genes\/GCA_000008525\.1_ASM852v1_genomic_output\/PROKKA_09282024\.IS\.tmp\.2941619\.blast 2> /dev/null
[19:01:53] Deleting unwanted file: /home/maulanmi/genome_annotation/prokka_with_genes/GCA_000008525.1_ASM852v1_genomic_output/PROKKA_09282024.IS.tmp.2941619.faa
[19:01:53] Deleting unwanted file: /home/maulanmi/genome_annotation/prokka_with_genes/GCA_000008525.1_ASM852v1_genomic_output/PROKKA_09282024.IS.tmp.2941619.blast
[19:01:54] There are still 1567 unannotated CDS left (started with 1577)
[19:01:54] Will use blast to search against /ibex/sw/csi/prokka/1.14.5/conda2/miniconda2/db/kingdom/Bacteria/AMR with 8 CPUs
[19:01:54] Running: cat \/home\/maulanmi\/genome_annotation\/prokka_with_genes\/GCA_000008525\.1_ASM852v1_genomic_output\/PROKKA_09282024\.AMR\.tmp\.2941619\.faa | parallel --gnu --plain -j 8 --block 31833 --recstart '>' --pipe blastp -query - -db /ibex/sw/csi/prokka/1.14.5/conda2/miniconda2/db/kingdom/Bacteria/AMR -evalue 9.99999999999999e-301 -qcov_hsp_perc 90 -num_threads 1 -num_descriptions 1 -num_alignments 1 -seg no > \/home\/maulanmi\/genome_annotation\/prokka_with_genes\/GCA_000008525\.1_ASM852v1_genomic_output\/PROKKA_09282024\.AMR\.tmp\.2941619\.blast 2> /dev/null
[19:01:57] Deleting unwanted file: /home/maulanmi/genome_annotation/prokka_with_genes/GCA_000008525.1_ASM852v1_genomic_output/PROKKA_09282024.AMR.tmp.2941619.faa
[19:01:57] Deleting unwanted file: /home/maulanmi/genome_annotation/prokka_with_genes/GCA_000008525.1_ASM852v1_genomic_output/PROKKA_09282024.AMR.tmp.2941619.blast
[19:01:57] There are still 1567 unannotated CDS left (started with 1577)
[19:01:57] Will use blast to search against /ibex/sw/csi/prokka/1.14.5/conda2/miniconda2/db/kingdom/Bacteria/sprot with 8 CPUs
[19:01:57] Running: cat \/home\/maulanmi\/genome_annotation\/prokka_with_genes\/GCA_000008525\.1_ASM852v1_genomic_output\/PROKKA_09282024\.sprot\.tmp\.2941619\.faa | parallel --gnu --plain -j 8 --block 31833 --recstart '>' --pipe blastp -query - -db /ibex/sw/csi/prokka/1.14.5/conda2/miniconda2/db/kingdom/Bacteria/sprot -evalue 1e-09 -qcov_hsp_perc 80 -num_threads 1 -num_descriptions 1 -num_alignments 1 -seg no > \/home\/maulanmi\/genome_annotation\/prokka_with_genes\/GCA_000008525\.1_ASM852v1_genomic_output\/PROKKA_09282024\.sprot\.tmp\.2941619\.blast 2> /dev/null
[19:02:13] Modify product: Uncharacterized HIT-like protein HP_0404 => putative HIT-like protein
[19:02:13] Modify product: Probable BsuMI modification methylase subunit YdiO => putative BsuMI modification methylase subunit YdiO
[19:02:13] Modify product: Uncharacterized ABC transporter ATP-binding protein TM_0288 => putative ABC transporter ATP-binding protein
[19:02:13] Modify product: Uncharacterized zinc protease Rv2782c => putative zinc protease
[19:02:13] Modify product: Uncharacterized ABC transporter ATP-binding protein YejF => putative ABC transporter ATP-binding protein YejF
[19:02:13] Modify product: Uncharacterized protein HP_0495 => putative protein
[19:02:13] Modify product: Uncharacterized FAD-linked oxidoreductase Rv2280 => putative FAD-linked oxidoreductase
[19:02:13] Modify product: Putative transport protein Rv1101c => Putative transport protein
[19:02:13] Modify product: Bifunctional protein FolD => Bifunctional protein FolD protein
[19:02:13] Modify product: Probable L-asparaginase => putative L-asparaginase
[19:02:13] Modify product: Probable FMN/FAD exporter YeeO => putative FMN/FAD exporter YeeO
[19:02:13] Modify product: Uncharacterized protein NMB1437 => putative protein
[19:02:13] Modify product: Probable transcriptional regulatory protein HP_0162 => putative transcriptional regulatory protein
[19:02:13] Modify product: Putative peptidyl-prolyl cis-trans isomerase HP_0175 => Putative peptidyl-prolyl cis-trans isomerase
[19:02:13] Modify product: Uncharacterized RNA pseudouridine synthase HP_0347 => putative RNA pseudouridine synthase
[19:02:13] Modify product: Nucleoid-associated protein HP_0035 => Nucleoid-associated protein
[19:02:13] Modify product: Putative 2-hydroxyacid dehydrogenase HI_1556 => Putative 2-hydroxyacid dehydrogenase
[19:02:14] Modify product: Uncharacterized protein Rv2581c => putative protein
[19:02:14] Modify product: Probable adenylyltransferase/sulfurtransferase MoeZ => putative adenylyltransferase/sulfurtransferase MoeZ
[19:02:14] Modify product: Uncharacterized ABC transporter ATP-binding protein YbiT => putative ABC transporter ATP-binding protein YbiT
[19:02:14] Modify product: UPF0194 membrane protein YbhG => hypothetical protein
[19:02:14] Modify product: UPF0053 protein Rv1842c => hypothetical protein
[19:02:14] Modify product: Uncharacterized protein HP_1531 => putative protein
[19:02:14] Modify product: Probable peptidoglycan glycosyltransferase FtsW => putative peptidoglycan glycosyltransferase FtsW
[19:02:14] Modify product: Uncharacterized metal-dependent hydrolase YcfH => putative metal-dependent hydrolase YcfH
[19:02:14] Modify product: Uncharacterized protein Rv2030c => putative protein
[19:02:14] Modify product: Multidrug efflux system ATP-binding protein Rv1218c => Multidrug efflux system ATP-binding protein
[19:02:14] Modify product: Protein HP_1247 => Protein
[19:02:14] Modify product: Uncharacterized zinc protease Rv2782c => putative zinc protease
[19:02:14] Modify product: Uncharacterized AAA domain-containing protein Rv2559c => putative AAA domain-containing protein
[19:02:14] Modify product: Aminopeptidase HP_1037 => Aminopeptidase
[19:02:14] Modify product: Chemotaxis protein CheY homolog => Chemotaxis protein CheY 
[19:02:14] Modify product: Uncharacterized protein HP_1423 => putative protein
[19:02:14] Modify product: Probable dual-specificity RNA methyltransferase RlmN => putative dual-specificity RNA methyltransferase RlmN
[19:02:14] Modify product: UPF0053 inner membrane protein YgdQ => hypothetical protein
[19:02:14] Modify product: Probable nicotinate-nucleotide pyrophosphorylase [carboxylating] => putative nicotinate-nucleotide pyrophosphorylase [carboxylating]
[19:02:14] Modify product: Uncharacterized ABC transporter ATP-binding protein HI_1470 => putative ABC transporter ATP-binding protein
[19:02:14] Modify product: Probable tautomerase HP_0924 => putative tautomerase
[19:02:14] Modify product: Protease HtpX homolog => Protease HtpX 
[19:02:14] Modify product: Probable amino-acid ABC transporter-binding protein HI_1080 => putative amino-acid ABC transporter-binding protein
[19:02:14] Modify product: RutC family protein HI_0719 => RutC family protein
[19:02:14] Modify product: Uncharacterized RNA pseudouridine synthase Rv1540 => putative RNA pseudouridine synthase
[19:02:14] Modify product: Probable formaldehyde dehydrogenase AdhA => putative formaldehyde dehydrogenase AdhA
[19:02:14] Modify product: Probable chromosome-partitioning protein ParB => putative chromosome-partitioning protein ParB
[19:02:14] Cleaned 44 /product names
[19:02:14] Deleting unwanted file: /home/maulanmi/genome_annotation/prokka_with_genes/GCA_000008525.1_ASM852v1_genomic_output/PROKKA_09282024.sprot.tmp.2941619.faa
[19:02:14] Deleting unwanted file: /home/maulanmi/genome_annotation/prokka_with_genes/GCA_000008525.1_ASM852v1_genomic_output/PROKKA_09282024.sprot.tmp.2941619.blast
[19:02:14] There are still 828 unannotated CDS left (started with 1577)
[19:02:14] Will use hmmer3 to search against /ibex/sw/csi/prokka/1.14.5/conda2/miniconda2/db/hmm/HAMAP.hmm with 8 CPUs
[19:02:14] Running: cat \/home\/maulanmi\/genome_annotation\/prokka_with_genes\/GCA_000008525\.1_ASM852v1_genomic_output\/PROKKA_09282024\.HAMAP\.hmm\.tmp\.2941619\.faa | parallel --gnu --plain -j 8 --block 15513 --recstart '>' --pipe hmmscan --noali --notextw --acc -E 1e-09 --cpu 1 /ibex/sw/csi/prokka/1.14.5/conda2/miniconda2/db/hmm/HAMAP.hmm /dev/stdin > \/home\/maulanmi\/genome_annotation\/prokka_with_genes\/GCA_000008525\.1_ASM852v1_genomic_output\/PROKKA_09282024\.HAMAP\.hmm\.tmp\.2941619\.hmmer3 2> /dev/null
[19:02:19] Modify product: Uncharacterized MFS-type transporter YfcJ => putative MFS-type transporter YfcJ
[19:02:19] Cleaned 1 /product names
[19:02:19] Deleting unwanted file: /home/maulanmi/genome_annotation/prokka_with_genes/GCA_000008525.1_ASM852v1_genomic_output/PROKKA_09282024.HAMAP.hmm.tmp.2941619.faa
[19:02:19] Deleting unwanted file: /home/maulanmi/genome_annotation/prokka_with_genes/GCA_000008525.1_ASM852v1_genomic_output/PROKKA_09282024.HAMAP.hmm.tmp.2941619.hmmer3
[19:02:19] Labelling remaining 716 proteins as 'hypothetical protein'
[19:02:19] Possible /pseudo 'L-lactate permease' at AE000511.1 position 152048
[19:02:19] Possible /pseudo 'L-tartrate/succinate antiporter' at AE000511.1 position 155367
[19:02:19] Possible /pseudo 'IS200/IS605 family transposase IS606' at AE000511.1 position 426032
[19:02:19] Possible /pseudo 'Acetate kinase' at AE000511.1 position 953783
[19:02:19] Possible /pseudo 'Phosphate acetyltransferase' at AE000511.1 position 954846
[19:02:19] Possible /pseudo 'Phosphate acetyltransferase' at AE000511.1 position 955261
[19:02:19] Possible /pseudo 'IS200/IS605 family transposase IS606' at AE000511.1 position 1069456
[19:02:19] Possible /pseudo 'ATP synthase subunit b' at AE000511.1 position 1199219
[19:02:19] Possible /pseudo 'Glutamine transport system permease protein GlnP' at AE000511.1 position 1237227
[19:02:19] Found 760 unique /gene codes.
[19:02:19] Fixed 2 duplicate /gene - dpnA_1 dpnA_2
[19:02:19] Fixed 2 duplicate /gene - fucT_1 fucT_2
[19:02:19] Fixed 2 duplicate /gene - gltX1_1 gltX1_2
[19:02:19] Fixed 2 duplicate /gene - lldP_1 lldP_2
[19:02:19] Fixed 2 duplicate /gene - ftsH_1 ftsH_2
[19:02:19] Fixed 2 duplicate /gene - moaA_1 moaA_2
[19:02:19] Fixed 2 duplicate /gene - der_1 der_2
[19:02:19] Fixed 2 duplicate /gene - trxA_1 trxA_2
[19:02:19] Fixed 2 duplicate /gene - ftsY_1 ftsY_2
[19:02:19] Fixed 2 duplicate /gene - atpD_1 atpD_2
[19:02:19] Fixed 2 duplicate /gene - topA_1 topA_2
[19:02:19] Fixed 2 duplicate /gene - virB4_1 virB4_2
[19:02:19] Fixed 2 duplicate /gene - flgG_1 flgG_2
[19:02:19] Fixed 2 duplicate /gene - ackA_1 ackA_2
[19:02:19] Fixed 2 duplicate /gene - atpF_1 atpF_2
[19:02:19] Fixed 2 duplicate /gene - btuD_1 btuD_2
[19:02:19] Fixed 3 duplicate /gene - btuB_1 btuB_2 btuB_3
[19:02:19] Fixed 2 duplicate /gene - era_1 era_2
[19:02:19] Fixed 2 duplicate /gene - ndhB_1 ndhB_2
[19:02:19] Fixed 2 duplicate /gene - tolQ_1 tolQ_2
[19:02:19] Fixed 2 duplicate /gene - glnP_1 glnP_2
[19:02:19] Fixed 3 duplicate /gene - xerH_1 xerH_2 xerH_3
[19:02:19] Fixed 2 duplicate /gene - acpP_1 acpP_2
[19:02:19] Fixed 2 duplicate /gene - exbD_1 exbD_2
[19:02:19] Fixed 2 duplicate /gene - htpX_1 htpX_2
[19:02:19] Fixed 2 duplicate /gene - hcpD_1 hcpD_2
[19:02:19] Fixed 2 duplicate /gene - mnmA_1 mnmA_2
[19:02:19] Fixed 3 duplicate /gene - prmC_1 prmC_2 prmC_3
[19:02:19] Fixed 2 duplicate /gene - xseA_1 xseA_2
[19:02:19] Fixed 2 duplicate /gene - trpC_1 trpC_2
[19:02:19] Fixed 3 duplicate /gene - pta_1 pta_2 pta_3
[19:02:19] Fixed 2 duplicate /gene - fecA_1 fecA_2
[19:02:19] Fixed 2 duplicate /gene - vapD_1 vapD_2
[19:02:19] Fixed 2 duplicate /gene - ttdT_1 ttdT_2
[19:02:19] Fixed 2 duplicate /gene - nth_1 nth_2
[19:02:19] Fixed 2 duplicate /gene - rsxB_1 rsxB_2
[19:02:19] Fixed 3 duplicate /gene - cheV_1 cheV_2 cheV_3
[19:02:19] Fixed 2 duplicate /gene - pyrC_1 pyrC_2
[19:02:19] Fixed 2 duplicate /gene - copA_1 copA_2
[19:02:19] Fixed 39 colliding /gene names.
[19:02:19] Adding /locus_tag identifiers
[19:02:19] Assigned 1618 locus_tags to CDS and RNA features.
[19:02:19] Writing outputs to /home/maulanmi/genome_annotation/prokka_with_genes/GCA_000008525.1_ASM852v1_genomic_output/
[19:02:20] Generating annotation statistics file
[19:02:20] Generating Genbank and Sequin files
[19:02:20] Running: tbl2asn -V b -a r10k -l paired-ends -M n -N 1 -y 'Annotated using prokka 1.14.6 from https://github.com/tseemann/prokka' -Z \/home\/maulanmi\/genome_annotation\/prokka_with_genes\/GCA_000008525\.1_ASM852v1_genomic_output\/PROKKA_09282024\.err -i \/home\/maulanmi\/genome_annotation\/prokka_with_genes\/GCA_000008525\.1_ASM852v1_genomic_output\/PROKKA_09282024\.fsa 2> /dev/null
[19:02:23] Deleting unwanted file: /home/maulanmi/genome_annotation/prokka_with_genes/GCA_000008525.1_ASM852v1_genomic_output/errorsummary.val
[19:02:23] Deleting unwanted file: /home/maulanmi/genome_annotation/prokka_with_genes/GCA_000008525.1_ASM852v1_genomic_output/PROKKA_09282024.dr
[19:02:23] Deleting unwanted file: /home/maulanmi/genome_annotation/prokka_with_genes/GCA_000008525.1_ASM852v1_genomic_output/PROKKA_09282024.fixedproducts
[19:02:23] Deleting unwanted file: /home/maulanmi/genome_annotation/prokka_with_genes/GCA_000008525.1_ASM852v1_genomic_output/PROKKA_09282024.ecn
[19:02:23] Deleting unwanted file: /home/maulanmi/genome_annotation/prokka_with_genes/GCA_000008525.1_ASM852v1_genomic_output/PROKKA_09282024.val
[19:02:23] Repairing broken .GBK output that tbl2asn produces...
[19:02:23] Running: sed 's/COORDINATES: profile/COORDINATES:profile/' < \/home\/maulanmi\/genome_annotation\/prokka_with_genes\/GCA_000008525\.1_ASM852v1_genomic_output\/PROKKA_09282024\.gbf > \/home\/maulanmi\/genome_annotation\/prokka_with_genes\/GCA_000008525\.1_ASM852v1_genomic_output\/PROKKA_09282024\.gbk
[19:02:23] Deleting unwanted file: /home/maulanmi/genome_annotation/prokka_with_genes/GCA_000008525.1_ASM852v1_genomic_output/PROKKA_09282024.gbf
[19:02:23] Output files:
[19:02:23] /home/maulanmi/genome_annotation/prokka_with_genes/GCA_000008525.1_ASM852v1_genomic_output/PROKKA_09282024.log
[19:02:23] /home/maulanmi/genome_annotation/prokka_with_genes/GCA_000008525.1_ASM852v1_genomic_output/PROKKA_09282024.fna
[19:02:23] /home/maulanmi/genome_annotation/prokka_with_genes/GCA_000008525.1_ASM852v1_genomic_output/PROKKA_09282024.gff
[19:02:23] /home/maulanmi/genome_annotation/prokka_with_genes/GCA_000008525.1_ASM852v1_genomic_output/PROKKA_09282024.faa
[19:02:23] /home/maulanmi/genome_annotation/prokka_with_genes/GCA_000008525.1_ASM852v1_genomic_output/PROKKA_09282024.ffn
[19:02:23] /home/maulanmi/genome_annotation/prokka_with_genes/GCA_000008525.1_ASM852v1_genomic_output/PROKKA_09282024.tbl
[19:02:23] /home/maulanmi/genome_annotation/prokka_with_genes/GCA_000008525.1_ASM852v1_genomic_output/PROKKA_09282024.fsa
[19:02:23] /home/maulanmi/genome_annotation/prokka_with_genes/GCA_000008525.1_ASM852v1_genomic_output/PROKKA_09282024.tsv
[19:02:23] /home/maulanmi/genome_annotation/prokka_with_genes/GCA_000008525.1_ASM852v1_genomic_output/PROKKA_09282024.txt
[19:02:23] /home/maulanmi/genome_annotation/prokka_with_genes/GCA_000008525.1_ASM852v1_genomic_output/PROKKA_09282024.gbk
[19:02:23] /home/maulanmi/genome_annotation/prokka_with_genes/GCA_000008525.1_ASM852v1_genomic_output/PROKKA_09282024.sqn
[19:02:23] /home/maulanmi/genome_annotation/prokka_with_genes/GCA_000008525.1_ASM852v1_genomic_output/PROKKA_09282024.err
[19:02:23] Annotation finished successfully.
[19:02:23] Walltime used: 0.67 minutes
[19:02:23] If you use this result please cite the Prokka paper:
[19:02:23] Seemann T (2014) Prokka: rapid prokaryotic genome annotation. Bioinformatics. 30(14):2068-9.
[19:02:23] Type 'prokka --citation' for more details.
[19:02:23] Thank you, come again.
