[17:56:30] This is prokka 1.14.6
[17:56:30] Written by Torsten Seemann <torsten.seemann@gmail.com>
[17:56:30] Homepage is https://github.com/tseemann/prokka
[17:56:30] Local time is Sat Sep 28 17:56:30 2024
[17:56:30] You are maulanmi
[17:56:30] Operating system is linux
[17:56:30] You have BioPerl 1.007002
[17:56:30] System has 40 cores.
[17:56:30] Will use maximum of 8 cores.
[17:56:30] Annotating as >>> Bacteria <<<
[17:56:30] Generating locus_tag from '/home/maulanmi/genome_annotation/data/GCA_000008725.1/GCA_000008725.1_ASM872v1_genomic.fna' contents.
[17:56:30] Setting --locustag CNACAJDA from MD5 c7aca3dae1027712d02c82ebcb26f5ff
[17:56:30] Creating new output folder: /home/maulanmi/genome_annotation/prokka_output/GCA_000008725.1_ASM872v1_genomic_output
[17:56:30] Running: mkdir -p \/home\/maulanmi\/genome_annotation\/prokka_output\/GCA_000008725\.1_ASM872v1_genomic_output
[17:56:30] Using filename prefix: PROKKA_09282024.XXX
[17:56:30] Setting HMMER_NCPU=1
[17:56:30] Writing log to: /home/maulanmi/genome_annotation/prokka_output/GCA_000008725.1_ASM872v1_genomic_output/PROKKA_09282024.log
[17:56:30] Command: /ibex/sw/csi/prokka/1.14.5/conda2/miniconda2/bin/prokka /home/maulanmi/genome_annotation/data/GCA_000008725.1/GCA_000008725.1_ASM872v1_genomic.fna --outdir /home/maulanmi/genome_annotation/prokka_output/GCA_000008725.1_ASM872v1_genomic_output
[17:56:30] Appending to PATH: /ibex/sw/csi/prokka/1.14.5/conda2/miniconda2/bin
[17:56:30] Looking for 'aragorn' - found /ibex/sw/csi/prokka/1.14.5/conda2/miniconda2/bin/aragorn
[17:56:30] Determined aragorn version is 001002 from 'ARAGORN v1.2.38 Dean Laslett'
[17:56:30] Looking for 'barrnap' - found /ibex/sw/csi/prokka/1.14.5/conda2/miniconda2/bin/barrnap
[17:56:30] Determined barrnap version is 000009 from 'barrnap 0.9'
[17:56:30] Looking for 'blastp' - found /ibex/sw/csi/prokka/1.14.5/conda2/miniconda2/bin/blastp
[17:56:30] Determined blastp version is 002010 from 'blastp: 2.10.1+'
[17:56:30] Looking for 'cmpress' - found /ibex/sw/csi/prokka/1.14.5/conda2/miniconda2/bin/cmpress
[17:56:30] Determined cmpress version is 001001 from '# INFERNAL 1.1.3 (Nov 2019)'
[17:56:30] Looking for 'cmscan' - found /ibex/sw/csi/prokka/1.14.5/conda2/miniconda2/bin/cmscan
[17:56:30] Determined cmscan version is 001001 from '# INFERNAL 1.1.3 (Nov 2019)'
[17:56:30] Looking for 'egrep' - found /usr/bin/egrep
[17:56:30] Looking for 'find' - found /usr/bin/find
[17:56:30] Looking for 'grep' - found /usr/bin/grep
[17:56:30] Looking for 'hmmpress' - found /ibex/sw/csi/prokka/1.14.5/conda2/miniconda2/bin/hmmpress
[17:56:30] Determined hmmpress version is 003003 from '# HMMER 3.3.2 (Nov 2020); http://hmmer.org/'
[17:56:30] Looking for 'hmmscan' - found /ibex/sw/csi/prokka/1.14.5/conda2/miniconda2/bin/hmmscan
[17:56:30] Determined hmmscan version is 003003 from '# HMMER 3.3.2 (Nov 2020); http://hmmer.org/'
[17:56:30] Looking for 'java' - found /ibex/sw/csi/prokka/1.14.5/conda2/miniconda2/bin/java
[17:56:30] Looking for 'makeblastdb' - found /ibex/sw/csi/prokka/1.14.5/conda2/miniconda2/bin/makeblastdb
[17:56:30] Determined makeblastdb version is 002010 from 'makeblastdb: 2.10.1+'
[17:56:30] Looking for 'minced' - found /ibex/sw/csi/prokka/1.14.5/conda2/miniconda2/bin/minced
[17:56:30] Determined minced version is 004002 from 'minced 0.4.2'
[17:56:30] Looking for 'parallel' - found /ibex/sw/csi/prokka/1.14.5/conda2/miniconda2/bin/parallel
[17:56:30] Determined parallel version is 20201122 from 'GNU parallel 20201122'
[17:56:30] Looking for 'prodigal' - found /ibex/sw/csi/prokka/1.14.5/conda2/miniconda2/bin/prodigal
[17:56:30] Determined prodigal version is 002006 from 'Prodigal V2.6.3: February, 2016'
[17:56:30] Looking for 'prokka-genbank_to_fasta_db' - found /ibex/sw/csi/prokka/1.14.5/conda2/miniconda2/bin/prokka-genbank_to_fasta_db
[17:56:30] Looking for 'sed' - found /usr/bin/sed
[17:56:30] Looking for 'tbl2asn' - found /ibex/sw/csi/prokka/1.14.5/conda2/miniconda2/bin/tbl2asn
[17:56:30] Determined tbl2asn version is 025007 from 'tbl2asn 25.7   arguments:'
[17:56:30] Using genetic code table 11.
[17:56:30] Loading and checking input file: /home/maulanmi/genome_annotation/data/GCA_000008725.1/GCA_000008725.1_ASM872v1_genomic.fna
[17:56:30] Wrote 1 contigs totalling 1042519 bp.
[17:56:30] Predicting tRNAs and tmRNAs
[17:56:30] Running: aragorn -l -gc11  -w \/home\/maulanmi\/genome_annotation\/prokka_output\/GCA_000008725\.1_ASM872v1_genomic_output\/PROKKA_09282024\.fna
[17:56:31] 1 tmRNA c[20666,21082] 92,160 AEPKAECEIISFADLEDLRVAA*
[17:56:31] 2 tRNA-Asn c[42728,42802] 34 (gtt)
[17:56:31] 3 tRNA-Pro c[68920,68996] 37 (tgg)
[17:56:31] 4 tRNA-Thr [158661,158736] 35 (tgt)
[17:56:31] 5 tRNA-Tyr [158743,158827] 36 (gta)
[17:56:31] 6 tRNA-Ile c[202340,202415] 36 (gat)
[17:56:31] 7 tRNA-Ala c[202420,202492] 34 (tgc)
[17:56:31] 8 tRNA-Met c[234283,234356] 35 (cat)
[17:56:31] 9 tRNA-Met c[234375,234447] 34 (cat)
[17:56:31] 10 tRNA-Asp c[250288,250363] 36 (gtc)
[17:56:31] 11 tRNA-Val c[250369,250443] 35 (tac)
[17:56:31] 12 tRNA-Trp c[361866,361940] 35 (cca)
[17:56:31] 13 tRNA-Thr c[363210,363281] 33 (ggt)
[17:56:31] 14 tRNA-Met [368395,368469] 35 (cat)
[17:56:31] 15 tRNA-Ser [409237,409325] 36 (cga)
[17:56:31] 16 tRNA-Ser c[485242,485331] 36 (gga)
[17:56:31] 17 tRNA-Phe c[489980,490056] 35 (gaa)
[17:56:31] 18 tRNA-Leu [541062,541146] 35 (caa)
[17:56:31] 19 tRNA-Arg [543862,543936] 35 (tcg)
[17:56:31] 20 tRNA-Leu c[545988,546071] 36 (gag)
[17:56:31] 21 tRNA-Ser c[574896,574986] 36 (gct)
[17:56:31] 22 tRNA-Leu c[581986,582069] 34 (taa)
[17:56:31] 23 tRNA-Leu [605751,605836] 36 (cag)
[17:56:31] 24 tRNA-Arg c[682213,682287] 35 (acg)
[17:56:31] 25 tRNA-Pro [718302,718378] 36 (ggg)
[17:56:31] 26 tRNA-Ala c[725436,725508] 34 (ggc)
[17:56:31] 27 tRNA-Arg [752670,752744] 35 (tct)
[17:56:31] 28 tRNA-Thr [773399,773471] 34 (cgt)
[17:56:31] 29 tRNA-Lys c[775264,775336] 34 (ttt)
[17:56:31] 30 tRNA-Glu c[775352,775428] 38 (ttc)
[17:56:31] 31 tRNA-Gly c[778591,778661] 33 (tcc)
[17:56:31] 32 tRNA-Gly c[814540,814611] 33 (gcc)
[17:56:31] 33 tRNA-His c[853554,853628] 35 (gtg)
[17:56:31] 34 tRNA-Cys c[887936,888006] 33 (gca)
[17:56:31] 35 tRNA-Gln [937061,937134] 34 (ttg)
[17:56:31] 36 tRNA-Val c[979519,979595] 36 (gac)
[17:56:31] 37 tRNA-Ser [984330,984415] 35 (tga)
[17:56:31] 38 tRNA-Leu [1018110,1018193] 36 (tag)
[17:56:31] Found 38 tRNAs
[17:56:31] Predicting Ribosomal RNAs
[17:56:31] Running Barrnap with 8 threads
[17:56:32] 1 AE001273.1 854127 16S ribosomal RNA
[17:56:32] 2 AE001273.1 855928 23S ribosomal RNA
[17:56:32] 3 AE001273.1 858984 5S ribosomal RNA
[17:56:32] 4 AE001273.1 876173 16S ribosomal RNA
[17:56:32] 5 AE001273.1 877974 23S ribosomal RNA
[17:56:32] 6 AE001273.1 881029 5S ribosomal RNA
[17:56:32] Found 6 rRNAs
[17:56:32] Skipping ncRNA search, enable with --rfam if desired.
[17:56:32] Total of 43 tRNA + rRNA features
[17:56:32] Searching for CRISPR repeats
[17:56:32] Found 0 CRISPRs
[17:56:32] Predicting coding sequences
[17:56:32] Contigs total 1042519 bp, so using single mode
[17:56:32] Running: prodigal -i \/home\/maulanmi\/genome_annotation\/prokka_output\/GCA_000008725\.1_ASM872v1_genomic_output\/PROKKA_09282024\.fna -c -m -g 11 -p single -f sco -q
[17:56:33] Excluding CDS which overlaps existing RNA (tRNA) at AE001273.1:158716..158835 on - strand
[17:56:34] Excluding CDS which overlaps existing RNA (tRNA) at AE001273.1:853464..853736 on + strand
[17:56:34] Excluding CDS which overlaps existing RNA (rRNA) at AE001273.1:857821..858450 on - strand
[17:56:34] Excluding CDS which overlaps existing RNA (rRNA) at AE001273.1:879867..880496 on - strand
[17:56:34] Excluding CDS which overlaps existing RNA (tRNA) at AE001273.1:978856..979530 on + strand
[17:56:34] Found 892 CDS
[17:56:34] Connecting features back to sequences
[17:56:34] Not using genus-specific database. Try --usegenus to enable it.
[17:56:34] Annotating CDS, please be patient.
[17:56:34] Will use 8 CPUs for similarity searching.
[17:56:34] There are still 892 unannotated CDS left (started with 892)
[17:56:34] Will use blast to search against /ibex/sw/csi/prokka/1.14.5/conda2/miniconda2/db/kingdom/Bacteria/IS with 8 CPUs
[17:56:34] Running: cat \/home\/maulanmi\/genome_annotation\/prokka_output\/GCA_000008725\.1_ASM872v1_genomic_output\/PROKKA_09282024\.IS\.tmp\.2909434\.faa | parallel --gnu --plain -j 8 --block 19774 --recstart '>' --pipe blastp -query - -db /ibex/sw/csi/prokka/1.14.5/conda2/miniconda2/db/kingdom/Bacteria/IS -evalue 1e-30 -qcov_hsp_perc 90 -num_threads 1 -num_descriptions 1 -num_alignments 1 -seg no > \/home\/maulanmi\/genome_annotation\/prokka_output\/GCA_000008725\.1_ASM872v1_genomic_output\/PROKKA_09282024\.IS\.tmp\.2909434\.blast 2> /dev/null
[17:56:37] Deleting unwanted file: /home/maulanmi/genome_annotation/prokka_output/GCA_000008725.1_ASM872v1_genomic_output/PROKKA_09282024.IS.tmp.2909434.faa
[17:56:37] Deleting unwanted file: /home/maulanmi/genome_annotation/prokka_output/GCA_000008725.1_ASM872v1_genomic_output/PROKKA_09282024.IS.tmp.2909434.blast
[17:56:37] There are still 892 unannotated CDS left (started with 892)
[17:56:37] Will use blast to search against /ibex/sw/csi/prokka/1.14.5/conda2/miniconda2/db/kingdom/Bacteria/AMR with 8 CPUs
[17:56:37] Running: cat \/home\/maulanmi\/genome_annotation\/prokka_output\/GCA_000008725\.1_ASM872v1_genomic_output\/PROKKA_09282024\.AMR\.tmp\.2909434\.faa | parallel --gnu --plain -j 8 --block 19774 --recstart '>' --pipe blastp -query - -db /ibex/sw/csi/prokka/1.14.5/conda2/miniconda2/db/kingdom/Bacteria/AMR -evalue 9.99999999999999e-301 -qcov_hsp_perc 90 -num_threads 1 -num_descriptions 1 -num_alignments 1 -seg no > \/home\/maulanmi\/genome_annotation\/prokka_output\/GCA_000008725\.1_ASM872v1_genomic_output\/PROKKA_09282024\.AMR\.tmp\.2909434\.blast 2> /dev/null
[17:56:39] Deleting unwanted file: /home/maulanmi/genome_annotation/prokka_output/GCA_000008725.1_ASM872v1_genomic_output/PROKKA_09282024.AMR.tmp.2909434.faa
[17:56:39] Deleting unwanted file: /home/maulanmi/genome_annotation/prokka_output/GCA_000008725.1_ASM872v1_genomic_output/PROKKA_09282024.AMR.tmp.2909434.blast
[17:56:39] There are still 892 unannotated CDS left (started with 892)
[17:56:39] Will use blast to search against /ibex/sw/csi/prokka/1.14.5/conda2/miniconda2/db/kingdom/Bacteria/sprot with 8 CPUs
[17:56:39] Running: cat \/home\/maulanmi\/genome_annotation\/prokka_output\/GCA_000008725\.1_ASM872v1_genomic_output\/PROKKA_09282024\.sprot\.tmp\.2909434\.faa | parallel --gnu --plain -j 8 --block 19774 --recstart '>' --pipe blastp -query - -db /ibex/sw/csi/prokka/1.14.5/conda2/miniconda2/db/kingdom/Bacteria/sprot -evalue 1e-09 -qcov_hsp_perc 80 -num_threads 1 -num_descriptions 1 -num_alignments 1 -seg no > \/home\/maulanmi\/genome_annotation\/prokka_output\/GCA_000008725\.1_ASM872v1_genomic_output\/PROKKA_09282024\.sprot\.tmp\.2909434\.blast 2> /dev/null
[17:56:50] Modify product: UPF0053 protein HI_0107 => hypothetical protein
[17:56:50] Modify product: UPF0053 inner membrane protein YfjD => hypothetical protein
[17:56:50] Modify product: Uncharacterized ABC transporter ATP-binding protein YbiT => putative ABC transporter ATP-binding protein YbiT
[17:56:50] Modify product: Probable ABC transporter arginine-binding protein ArtJ => putative ABC transporter arginine-binding protein ArtJ
[17:56:50] Modify product: Bifunctional protein FolD => Bifunctional protein FolD protein
[17:56:50] Modify product: GTP cyclohydrolase 1 type 2 homolog => GTP cyclohydrolase 1 type 2 
[17:56:50] Modify product: Probable D,D-dipeptide transport ATP-binding protein DdpF => putative D,D-dipeptide transport ATP-binding protein DdpF
[17:56:50] Modify product: UPF0301 protein YqgE => hypothetical protein
[17:56:50] Modify product: Glycogen operon protein GlgX homolog => Glycogen operon protein GlgX 
[17:56:50] Modify product: Probable cytosol aminopeptidase => putative cytosol aminopeptidase
[17:56:50] Modify product: Probable outer membrane protein PmpA => putative outer membrane protein PmpA
[17:56:50] Modify product: Probable outer membrane protein PmpB => putative outer membrane protein PmpB
[17:56:50] Modify product: Probable outer membrane protein PmpC => putative outer membrane protein PmpC
[17:56:50] Modify product: Probable type II secretion system protein HxcR => putative type II secretion system protein HxcR
[17:56:50] Modify product: Uncharacterized peptidase SA1530 => putative peptidase
[17:56:50] Modify product: Protein CPn_0803/CP_1068/CPj0803/CpB0832 => Protein/CP_1068/CPj0803/CpB0832
[17:56:50] Modify product: Probable oxidoreductase CT_610 => putative oxidoreductase CT_610
[17:56:50] Modify product: Probable transcriptional regulatory protein aq_1575 => putative transcriptional regulatory protein
[17:56:50] Modify product: UPF0176 protein SP_0095 => hypothetical protein
[17:56:50] Modify product: Uncharacterized protein CT_666 => putative protein CT_666
[17:56:50] Modify product: Probable uridylyltransferase SA1974 => putative uridylyltransferase
[17:56:50] Modify product: Probable secretion system apparatus ATP synthase SsaN => putative secretion system apparatus ATP synthase SsaN
[17:56:50] Modify product: Probable cadmium-transporting ATPase => putative cadmium-transporting ATPase
[17:56:50] Modify product: UPF0098 protein CT_736 => hypothetical protein
[17:56:50] Modify product: Probable peptidoglycan glycosyltransferase FtsW => putative peptidoglycan glycosyltransferase FtsW
[17:56:50] Modify product: Probable outer membrane protein PmpD => putative outer membrane protein PmpD
[17:56:50] Modify product: Probable ATP synthase YscN => putative ATP synthase YscN
[17:56:50] Modify product: Uncharacterized protein CT_671 => putative protein CT_671
[17:56:50] Modify product: Probable ATP-dependent transporter SufC => putative ATP-dependent transporter SufC
[17:56:50] Modify product: Probable cysteine desulfurase => putative cysteine desulfurase
[17:56:50] Modify product: UPF0111 protein HI_1603 => hypothetical protein
[17:56:50] Modify product: UPF0056 inner membrane protein YhgN => hypothetical protein
[17:56:50] Modify product: Probable outer membrane protein PmpE => putative outer membrane protein PmpE
[17:56:50] Modify product: Probable outer membrane protein PmpF => putative outer membrane protein PmpF
[17:56:50] Modify product: Probable outer membrane protein PmpG => putative outer membrane protein PmpG
[17:56:50] Modify product: Probable outer membrane protein PmpH => putative outer membrane protein PmpH
[17:56:50] Modify product: Probable outer membrane protein PmpI => putative outer membrane protein PmpI
[17:56:50] Cleaned 37 /product names
[17:56:50] Deleting unwanted file: /home/maulanmi/genome_annotation/prokka_output/GCA_000008725.1_ASM872v1_genomic_output/PROKKA_09282024.sprot.tmp.2909434.faa
[17:56:50] Deleting unwanted file: /home/maulanmi/genome_annotation/prokka_output/GCA_000008725.1_ASM872v1_genomic_output/PROKKA_09282024.sprot.tmp.2909434.blast
[17:56:50] There are still 440 unannotated CDS left (started with 892)
[17:56:50] Will use hmmer3 to search against /ibex/sw/csi/prokka/1.14.5/conda2/miniconda2/db/hmm/HAMAP.hmm with 8 CPUs
[17:56:50] Running: cat \/home\/maulanmi\/genome_annotation\/prokka_output\/GCA_000008725\.1_ASM872v1_genomic_output\/PROKKA_09282024\.HAMAP\.hmm\.tmp\.2909434\.faa | parallel --gnu --plain -j 8 --block 8972 --recstart '>' --pipe hmmscan --noali --notextw --acc -E 1e-09 --cpu 1 /ibex/sw/csi/prokka/1.14.5/conda2/miniconda2/db/hmm/HAMAP.hmm /dev/stdin > \/home\/maulanmi\/genome_annotation\/prokka_output\/GCA_000008725\.1_ASM872v1_genomic_output\/PROKKA_09282024\.HAMAP\.hmm\.tmp\.2909434\.hmmer3 2> /dev/null
[17:56:53] Deleting unwanted file: /home/maulanmi/genome_annotation/prokka_output/GCA_000008725.1_ASM872v1_genomic_output/PROKKA_09282024.HAMAP.hmm.tmp.2909434.faa
[17:56:53] Deleting unwanted file: /home/maulanmi/genome_annotation/prokka_output/GCA_000008725.1_ASM872v1_genomic_output/PROKKA_09282024.HAMAP.hmm.tmp.2909434.hmmer3
[17:56:53] Labelling remaining 347 proteins as 'hypothetical protein'
[17:56:53] Possible /pseudo 'Cardiolipin synthase A' at AE001273.1 position 179440
[17:56:53] Found 496 unique /gene codes.
[17:56:53] Fixed 2 duplicate /gene - dnaA_1 dnaA_2
[17:56:53] Fixed 2 duplicate /gene - dinG_1 dinG_2
[17:56:53] Fixed 2 duplicate /gene - mntB_1 mntB_2
[17:56:53] Fixed 2 duplicate /gene - sctC_1 sctC_2
[17:56:53] Fixed 2 duplicate /gene - oppD_1 oppD_2
[17:56:53] Fixed 2 duplicate /gene - pknD_1 pknD_2
[17:56:53] Fixed 2 duplicate /gene - tlcA_1 tlcA_2
[17:56:53] Fixed 2 duplicate /gene - tyrP_1 tyrP_2
[17:56:53] Fixed 4 duplicate /gene - clsA_1 clsA_2 clsA_3 clsA_4
[17:56:53] Fixed 2 duplicate /gene - dxs_1 dxs_2
[17:56:53] Fixed 2 duplicate /gene - alsT_1 alsT_2
[17:56:53] Fixed 2 duplicate /gene - groL_1 groL_2
[17:56:53] Fixed 2 duplicate /gene - pfp_1 pfp_2
[17:56:53] Fixed 2 duplicate /gene - pdhC_1 pdhC_2
[17:56:53] Fixed 2 duplicate /gene - pgsA_1 pgsA_2
[17:56:53] Fixed 2 duplicate /gene - efp_1 efp_2
[17:56:53] Fixed 2 duplicate /gene - gyrB_1 gyrB_2
[17:56:53] Fixed 2 duplicate /gene - gyrA_1 gyrA_2
[17:56:53] Fixed 2 duplicate /gene - oppA_1 oppA_2
[17:56:53] Fixed 19 colliding /gene names.
[17:56:53] Adding /locus_tag identifiers
[17:56:53] Assigned 936 locus_tags to CDS and RNA features.
[17:56:53] Writing outputs to /home/maulanmi/genome_annotation/prokka_output/GCA_000008725.1_ASM872v1_genomic_output/
[17:56:54] Generating annotation statistics file
[17:56:54] Generating Genbank and Sequin files
[17:56:54] Running: tbl2asn -V b -a r10k -l paired-ends -M n -N 1 -y 'Annotated using prokka 1.14.6 from https://github.com/tseemann/prokka' -Z \/home\/maulanmi\/genome_annotation\/prokka_output\/GCA_000008725\.1_ASM872v1_genomic_output\/PROKKA_09282024\.err -i \/home\/maulanmi\/genome_annotation\/prokka_output\/GCA_000008725\.1_ASM872v1_genomic_output\/PROKKA_09282024\.fsa 2> /dev/null
[17:56:55] Deleting unwanted file: /home/maulanmi/genome_annotation/prokka_output/GCA_000008725.1_ASM872v1_genomic_output/errorsummary.val
[17:56:55] Deleting unwanted file: /home/maulanmi/genome_annotation/prokka_output/GCA_000008725.1_ASM872v1_genomic_output/PROKKA_09282024.dr
[17:56:55] Deleting unwanted file: /home/maulanmi/genome_annotation/prokka_output/GCA_000008725.1_ASM872v1_genomic_output/PROKKA_09282024.fixedproducts
[17:56:55] Deleting unwanted file: /home/maulanmi/genome_annotation/prokka_output/GCA_000008725.1_ASM872v1_genomic_output/PROKKA_09282024.ecn
[17:56:55] Deleting unwanted file: /home/maulanmi/genome_annotation/prokka_output/GCA_000008725.1_ASM872v1_genomic_output/PROKKA_09282024.val
[17:56:55] Repairing broken .GBK output that tbl2asn produces...
[17:56:55] Running: sed 's/COORDINATES: profile/COORDINATES:profile/' < \/home\/maulanmi\/genome_annotation\/prokka_output\/GCA_000008725\.1_ASM872v1_genomic_output\/PROKKA_09282024\.gbf > \/home\/maulanmi\/genome_annotation\/prokka_output\/GCA_000008725\.1_ASM872v1_genomic_output\/PROKKA_09282024\.gbk
[17:56:55] Deleting unwanted file: /home/maulanmi/genome_annotation/prokka_output/GCA_000008725.1_ASM872v1_genomic_output/PROKKA_09282024.gbf
[17:56:55] Output files:
[17:56:55] /home/maulanmi/genome_annotation/prokka_output/GCA_000008725.1_ASM872v1_genomic_output/PROKKA_09282024.log
[17:56:55] /home/maulanmi/genome_annotation/prokka_output/GCA_000008725.1_ASM872v1_genomic_output/PROKKA_09282024.fna
[17:56:55] /home/maulanmi/genome_annotation/prokka_output/GCA_000008725.1_ASM872v1_genomic_output/PROKKA_09282024.gff
[17:56:55] /home/maulanmi/genome_annotation/prokka_output/GCA_000008725.1_ASM872v1_genomic_output/PROKKA_09282024.faa
[17:56:55] /home/maulanmi/genome_annotation/prokka_output/GCA_000008725.1_ASM872v1_genomic_output/PROKKA_09282024.ffn
[17:56:55] /home/maulanmi/genome_annotation/prokka_output/GCA_000008725.1_ASM872v1_genomic_output/PROKKA_09282024.tbl
[17:56:55] /home/maulanmi/genome_annotation/prokka_output/GCA_000008725.1_ASM872v1_genomic_output/PROKKA_09282024.fsa
[17:56:55] /home/maulanmi/genome_annotation/prokka_output/GCA_000008725.1_ASM872v1_genomic_output/PROKKA_09282024.tsv
[17:56:55] /home/maulanmi/genome_annotation/prokka_output/GCA_000008725.1_ASM872v1_genomic_output/PROKKA_09282024.txt
[17:56:55] /home/maulanmi/genome_annotation/prokka_output/GCA_000008725.1_ASM872v1_genomic_output/PROKKA_09282024.sqn
[17:56:55] /home/maulanmi/genome_annotation/prokka_output/GCA_000008725.1_ASM872v1_genomic_output/PROKKA_09282024.gbk
[17:56:55] /home/maulanmi/genome_annotation/prokka_output/GCA_000008725.1_ASM872v1_genomic_output/PROKKA_09282024.err
[17:56:55] Annotation finished successfully.
[17:56:55] Walltime used: 0.42 minutes
[17:56:55] If you use this result please cite the Prokka paper:
[17:56:55] Seemann T (2014) Prokka: rapid prokaryotic genome annotation. Bioinformatics. 30(14):2068-9.
[17:56:55] Type 'prokka --citation' for more details.
[17:56:55] Share and enjoy!
