[19:05:50] This is prokka 1.14.6
[19:05:50] Written by Torsten Seemann <torsten.seemann@gmail.com>
[19:05:50] Homepage is https://github.com/tseemann/prokka
[19:05:50] Local time is Sat Sep 28 19:05:50 2024
[19:05:50] You are maulanmi
[19:05:50] Operating system is linux
[19:05:50] You have BioPerl 1.007002
[19:05:50] System has 40 cores.
[19:05:50] Will use maximum of 8 cores.
[19:05:50] Annotating as >>> Bacteria <<<
[19:05:50] Generating locus_tag from '/home/maulanmi/genome_annotation/data/GCA_000008725.1/GCA_000008725.1_ASM872v1_genomic.fna' contents.
[19:05:50] Setting --locustag CNACAJDA from MD5 c7aca3dae1027712d02c82ebcb26f5ff
[19:05:50] Creating new output folder: /home/maulanmi/genome_annotation/prokka_with_genes/GCA_000008725.1_ASM872v1_genomic_output
[19:05:50] Running: mkdir -p \/home\/maulanmi\/genome_annotation\/prokka_with_genes\/GCA_000008725\.1_ASM872v1_genomic_output
[19:05:50] Using filename prefix: PROKKA_09282024.XXX
[19:05:50] Setting HMMER_NCPU=1
[19:05:50] Writing log to: /home/maulanmi/genome_annotation/prokka_with_genes/GCA_000008725.1_ASM872v1_genomic_output/PROKKA_09282024.log
[19:05:50] Command: /ibex/sw/csi/prokka/1.14.5/conda2/miniconda2/bin/prokka /home/maulanmi/genome_annotation/data/GCA_000008725.1/GCA_000008725.1_ASM872v1_genomic.fna --addgenes --outdir /home/maulanmi/genome_annotation/prokka_with_genes/GCA_000008725.1_ASM872v1_genomic_output
[19:05:50] Appending to PATH: /ibex/sw/csi/prokka/1.14.5/conda2/miniconda2/bin
[19:05:50] Looking for 'aragorn' - found /ibex/sw/csi/prokka/1.14.5/conda2/miniconda2/bin/aragorn
[19:05:50] Determined aragorn version is 001002 from 'ARAGORN v1.2.38 Dean Laslett'
[19:05:50] Looking for 'barrnap' - found /ibex/sw/csi/prokka/1.14.5/conda2/miniconda2/bin/barrnap
[19:05:50] Determined barrnap version is 000009 from 'barrnap 0.9'
[19:05:50] Looking for 'blastp' - found /ibex/sw/csi/prokka/1.14.5/conda2/miniconda2/bin/blastp
[19:05:50] Determined blastp version is 002010 from 'blastp: 2.10.1+'
[19:05:50] Looking for 'cmpress' - found /ibex/sw/csi/prokka/1.14.5/conda2/miniconda2/bin/cmpress
[19:05:50] Determined cmpress version is 001001 from '# INFERNAL 1.1.3 (Nov 2019)'
[19:05:50] Looking for 'cmscan' - found /ibex/sw/csi/prokka/1.14.5/conda2/miniconda2/bin/cmscan
[19:05:50] Determined cmscan version is 001001 from '# INFERNAL 1.1.3 (Nov 2019)'
[19:05:50] Looking for 'egrep' - found /usr/bin/egrep
[19:05:50] Looking for 'find' - found /usr/bin/find
[19:05:50] Looking for 'grep' - found /usr/bin/grep
[19:05:50] Looking for 'hmmpress' - found /ibex/sw/csi/prokka/1.14.5/conda2/miniconda2/bin/hmmpress
[19:05:50] Determined hmmpress version is 003003 from '# HMMER 3.3.2 (Nov 2020); http://hmmer.org/'
[19:05:50] Looking for 'hmmscan' - found /ibex/sw/csi/prokka/1.14.5/conda2/miniconda2/bin/hmmscan
[19:05:50] Determined hmmscan version is 003003 from '# HMMER 3.3.2 (Nov 2020); http://hmmer.org/'
[19:05:50] Looking for 'java' - found /ibex/sw/csi/prokka/1.14.5/conda2/miniconda2/bin/java
[19:05:50] Looking for 'makeblastdb' - found /ibex/sw/csi/prokka/1.14.5/conda2/miniconda2/bin/makeblastdb
[19:05:50] Determined makeblastdb version is 002010 from 'makeblastdb: 2.10.1+'
[19:05:50] Looking for 'minced' - found /ibex/sw/csi/prokka/1.14.5/conda2/miniconda2/bin/minced
[19:05:50] Determined minced version is 004002 from 'minced 0.4.2'
[19:05:50] Looking for 'parallel' - found /ibex/sw/csi/prokka/1.14.5/conda2/miniconda2/bin/parallel
[19:05:50] Determined parallel version is 20201122 from 'GNU parallel 20201122'
[19:05:50] Looking for 'prodigal' - found /ibex/sw/csi/prokka/1.14.5/conda2/miniconda2/bin/prodigal
[19:05:50] Determined prodigal version is 002006 from 'Prodigal V2.6.3: February, 2016'
[19:05:50] Looking for 'prokka-genbank_to_fasta_db' - found /ibex/sw/csi/prokka/1.14.5/conda2/miniconda2/bin/prokka-genbank_to_fasta_db
[19:05:50] Looking for 'sed' - found /usr/bin/sed
[19:05:50] Looking for 'tbl2asn' - found /ibex/sw/csi/prokka/1.14.5/conda2/miniconda2/bin/tbl2asn
[19:05:50] Determined tbl2asn version is 025007 from 'tbl2asn 25.7   arguments:'
[19:05:50] Using genetic code table 11.
[19:05:50] Loading and checking input file: /home/maulanmi/genome_annotation/data/GCA_000008725.1/GCA_000008725.1_ASM872v1_genomic.fna
[19:05:50] Wrote 1 contigs totalling 1042519 bp.
[19:05:50] Predicting tRNAs and tmRNAs
[19:05:50] Running: aragorn -l -gc11  -w \/home\/maulanmi\/genome_annotation\/prokka_with_genes\/GCA_000008725\.1_ASM872v1_genomic_output\/PROKKA_09282024\.fna
[19:05:50] 1 tmRNA c[20666,21082] 92,160 AEPKAECEIISFADLEDLRVAA*
[19:05:50] 2 tRNA-Asn c[42728,42802] 34 (gtt)
[19:05:50] 3 tRNA-Pro c[68920,68996] 37 (tgg)
[19:05:50] 4 tRNA-Thr [158661,158736] 35 (tgt)
[19:05:50] 5 tRNA-Tyr [158743,158827] 36 (gta)
[19:05:50] 6 tRNA-Ile c[202340,202415] 36 (gat)
[19:05:50] 7 tRNA-Ala c[202420,202492] 34 (tgc)
[19:05:50] 8 tRNA-Met c[234283,234356] 35 (cat)
[19:05:50] 9 tRNA-Met c[234375,234447] 34 (cat)
[19:05:50] 10 tRNA-Asp c[250288,250363] 36 (gtc)
[19:05:50] 11 tRNA-Val c[250369,250443] 35 (tac)
[19:05:50] 12 tRNA-Trp c[361866,361940] 35 (cca)
[19:05:50] 13 tRNA-Thr c[363210,363281] 33 (ggt)
[19:05:50] 14 tRNA-Met [368395,368469] 35 (cat)
[19:05:50] 15 tRNA-Ser [409237,409325] 36 (cga)
[19:05:50] 16 tRNA-Ser c[485242,485331] 36 (gga)
[19:05:50] 17 tRNA-Phe c[489980,490056] 35 (gaa)
[19:05:50] 18 tRNA-Leu [541062,541146] 35 (caa)
[19:05:50] 19 tRNA-Arg [543862,543936] 35 (tcg)
[19:05:50] 20 tRNA-Leu c[545988,546071] 36 (gag)
[19:05:50] 21 tRNA-Ser c[574896,574986] 36 (gct)
[19:05:50] 22 tRNA-Leu c[581986,582069] 34 (taa)
[19:05:50] 23 tRNA-Leu [605751,605836] 36 (cag)
[19:05:50] 24 tRNA-Arg c[682213,682287] 35 (acg)
[19:05:50] 25 tRNA-Pro [718302,718378] 36 (ggg)
[19:05:50] 26 tRNA-Ala c[725436,725508] 34 (ggc)
[19:05:50] 27 tRNA-Arg [752670,752744] 35 (tct)
[19:05:50] 28 tRNA-Thr [773399,773471] 34 (cgt)
[19:05:50] 29 tRNA-Lys c[775264,775336] 34 (ttt)
[19:05:50] 30 tRNA-Glu c[775352,775428] 38 (ttc)
[19:05:50] 31 tRNA-Gly c[778591,778661] 33 (tcc)
[19:05:50] 32 tRNA-Gly c[814540,814611] 33 (gcc)
[19:05:50] 33 tRNA-His c[853554,853628] 35 (gtg)
[19:05:50] 34 tRNA-Cys c[887936,888006] 33 (gca)
[19:05:50] 35 tRNA-Gln [937061,937134] 34 (ttg)
[19:05:50] 36 tRNA-Val c[979519,979595] 36 (gac)
[19:05:50] 37 tRNA-Ser [984330,984415] 35 (tga)
[19:05:50] 38 tRNA-Leu [1018110,1018193] 36 (tag)
[19:05:50] Found 38 tRNAs
[19:05:50] Predicting Ribosomal RNAs
[19:05:50] Running Barrnap with 8 threads
[19:05:51] 1 AE001273.1 854127 16S ribosomal RNA
[19:05:51] 2 AE001273.1 855928 23S ribosomal RNA
[19:05:51] 3 AE001273.1 858984 5S ribosomal RNA
[19:05:51] 4 AE001273.1 876173 16S ribosomal RNA
[19:05:51] 5 AE001273.1 877974 23S ribosomal RNA
[19:05:51] 6 AE001273.1 881029 5S ribosomal RNA
[19:05:51] Found 6 rRNAs
[19:05:51] Skipping ncRNA search, enable with --rfam if desired.
[19:05:51] Total of 43 tRNA + rRNA features
[19:05:51] Searching for CRISPR repeats
[19:05:52] Found 0 CRISPRs
[19:05:52] Predicting coding sequences
[19:05:52] Contigs total 1042519 bp, so using single mode
[19:05:52] Running: prodigal -i \/home\/maulanmi\/genome_annotation\/prokka_with_genes\/GCA_000008725\.1_ASM872v1_genomic_output\/PROKKA_09282024\.fna -c -m -g 11 -p single -f sco -q
[19:05:53] Excluding CDS which overlaps existing RNA (tRNA) at AE001273.1:158716..158835 on - strand
[19:05:54] Excluding CDS which overlaps existing RNA (tRNA) at AE001273.1:853464..853736 on + strand
[19:05:54] Excluding CDS which overlaps existing RNA (rRNA) at AE001273.1:857821..858450 on - strand
[19:05:54] Excluding CDS which overlaps existing RNA (rRNA) at AE001273.1:879867..880496 on - strand
[19:05:54] Excluding CDS which overlaps existing RNA (tRNA) at AE001273.1:978856..979530 on + strand
[19:05:54] Found 892 CDS
[19:05:54] Connecting features back to sequences
[19:05:54] Not using genus-specific database. Try --usegenus to enable it.
[19:05:54] Annotating CDS, please be patient.
[19:05:54] Will use 8 CPUs for similarity searching.
[19:05:54] There are still 892 unannotated CDS left (started with 892)
[19:05:54] Will use blast to search against /ibex/sw/csi/prokka/1.14.5/conda2/miniconda2/db/kingdom/Bacteria/IS with 8 CPUs
[19:05:54] Running: cat \/home\/maulanmi\/genome_annotation\/prokka_with_genes\/GCA_000008725\.1_ASM872v1_genomic_output\/PROKKA_09282024\.IS\.tmp\.2949545\.faa | parallel --gnu --plain -j 8 --block 19774 --recstart '>' --pipe blastp -query - -db /ibex/sw/csi/prokka/1.14.5/conda2/miniconda2/db/kingdom/Bacteria/IS -evalue 1e-30 -qcov_hsp_perc 90 -num_threads 1 -num_descriptions 1 -num_alignments 1 -seg no > \/home\/maulanmi\/genome_annotation\/prokka_with_genes\/GCA_000008725\.1_ASM872v1_genomic_output\/PROKKA_09282024\.IS\.tmp\.2949545\.blast 2> /dev/null
[19:05:57] Deleting unwanted file: /home/maulanmi/genome_annotation/prokka_with_genes/GCA_000008725.1_ASM872v1_genomic_output/PROKKA_09282024.IS.tmp.2949545.faa
[19:05:57] Deleting unwanted file: /home/maulanmi/genome_annotation/prokka_with_genes/GCA_000008725.1_ASM872v1_genomic_output/PROKKA_09282024.IS.tmp.2949545.blast
[19:05:57] There are still 892 unannotated CDS left (started with 892)
[19:05:57] Will use blast to search against /ibex/sw/csi/prokka/1.14.5/conda2/miniconda2/db/kingdom/Bacteria/AMR with 8 CPUs
[19:05:57] Running: cat \/home\/maulanmi\/genome_annotation\/prokka_with_genes\/GCA_000008725\.1_ASM872v1_genomic_output\/PROKKA_09282024\.AMR\.tmp\.2949545\.faa | parallel --gnu --plain -j 8 --block 19774 --recstart '>' --pipe blastp -query - -db /ibex/sw/csi/prokka/1.14.5/conda2/miniconda2/db/kingdom/Bacteria/AMR -evalue 9.99999999999999e-301 -qcov_hsp_perc 90 -num_threads 1 -num_descriptions 1 -num_alignments 1 -seg no > \/home\/maulanmi\/genome_annotation\/prokka_with_genes\/GCA_000008725\.1_ASM872v1_genomic_output\/PROKKA_09282024\.AMR\.tmp\.2949545\.blast 2> /dev/null
[19:05:59] Deleting unwanted file: /home/maulanmi/genome_annotation/prokka_with_genes/GCA_000008725.1_ASM872v1_genomic_output/PROKKA_09282024.AMR.tmp.2949545.faa
[19:05:59] Deleting unwanted file: /home/maulanmi/genome_annotation/prokka_with_genes/GCA_000008725.1_ASM872v1_genomic_output/PROKKA_09282024.AMR.tmp.2949545.blast
[19:05:59] There are still 892 unannotated CDS left (started with 892)
[19:05:59] Will use blast to search against /ibex/sw/csi/prokka/1.14.5/conda2/miniconda2/db/kingdom/Bacteria/sprot with 8 CPUs
[19:05:59] Running: cat \/home\/maulanmi\/genome_annotation\/prokka_with_genes\/GCA_000008725\.1_ASM872v1_genomic_output\/PROKKA_09282024\.sprot\.tmp\.2949545\.faa | parallel --gnu --plain -j 8 --block 19774 --recstart '>' --pipe blastp -query - -db /ibex/sw/csi/prokka/1.14.5/conda2/miniconda2/db/kingdom/Bacteria/sprot -evalue 1e-09 -qcov_hsp_perc 80 -num_threads 1 -num_descriptions 1 -num_alignments 1 -seg no > \/home\/maulanmi\/genome_annotation\/prokka_with_genes\/GCA_000008725\.1_ASM872v1_genomic_output\/PROKKA_09282024\.sprot\.tmp\.2949545\.blast 2> /dev/null
[19:06:10] Modify product: UPF0053 protein HI_0107 => hypothetical protein
[19:06:10] Modify product: UPF0053 inner membrane protein YfjD => hypothetical protein
[19:06:10] Modify product: Uncharacterized ABC transporter ATP-binding protein YbiT => putative ABC transporter ATP-binding protein YbiT
[19:06:10] Modify product: Probable ABC transporter arginine-binding protein ArtJ => putative ABC transporter arginine-binding protein ArtJ
[19:06:10] Modify product: Bifunctional protein FolD => Bifunctional protein FolD protein
[19:06:10] Modify product: GTP cyclohydrolase 1 type 2 homolog => GTP cyclohydrolase 1 type 2 
[19:06:10] Modify product: Probable D,D-dipeptide transport ATP-binding protein DdpF => putative D,D-dipeptide transport ATP-binding protein DdpF
[19:06:10] Modify product: UPF0301 protein YqgE => hypothetical protein
[19:06:10] Modify product: Glycogen operon protein GlgX homolog => Glycogen operon protein GlgX 
[19:06:10] Modify product: Probable cytosol aminopeptidase => putative cytosol aminopeptidase
[19:06:10] Modify product: Probable outer membrane protein PmpA => putative outer membrane protein PmpA
[19:06:10] Modify product: Probable outer membrane protein PmpB => putative outer membrane protein PmpB
[19:06:10] Modify product: Probable outer membrane protein PmpC => putative outer membrane protein PmpC
[19:06:10] Modify product: Probable type II secretion system protein HxcR => putative type II secretion system protein HxcR
[19:06:10] Modify product: Uncharacterized peptidase SA1530 => putative peptidase
[19:06:10] Modify product: Protein CPn_0803/CP_1068/CPj0803/CpB0832 => Protein/CP_1068/CPj0803/CpB0832
[19:06:10] Modify product: Probable oxidoreductase CT_610 => putative oxidoreductase CT_610
[19:06:10] Modify product: Probable transcriptional regulatory protein aq_1575 => putative transcriptional regulatory protein
[19:06:10] Modify product: UPF0176 protein SP_0095 => hypothetical protein
[19:06:10] Modify product: Uncharacterized protein CT_666 => putative protein CT_666
[19:06:10] Modify product: Probable uridylyltransferase SA1974 => putative uridylyltransferase
[19:06:10] Modify product: Probable secretion system apparatus ATP synthase SsaN => putative secretion system apparatus ATP synthase SsaN
[19:06:10] Modify product: Probable cadmium-transporting ATPase => putative cadmium-transporting ATPase
[19:06:10] Modify product: UPF0098 protein CT_736 => hypothetical protein
[19:06:10] Modify product: Probable peptidoglycan glycosyltransferase FtsW => putative peptidoglycan glycosyltransferase FtsW
[19:06:10] Modify product: Probable outer membrane protein PmpD => putative outer membrane protein PmpD
[19:06:10] Modify product: Probable ATP synthase YscN => putative ATP synthase YscN
[19:06:10] Modify product: Uncharacterized protein CT_671 => putative protein CT_671
[19:06:10] Modify product: Probable ATP-dependent transporter SufC => putative ATP-dependent transporter SufC
[19:06:10] Modify product: Probable cysteine desulfurase => putative cysteine desulfurase
[19:06:10] Modify product: UPF0111 protein HI_1603 => hypothetical protein
[19:06:10] Modify product: UPF0056 inner membrane protein YhgN => hypothetical protein
[19:06:10] Modify product: Probable outer membrane protein PmpE => putative outer membrane protein PmpE
[19:06:10] Modify product: Probable outer membrane protein PmpF => putative outer membrane protein PmpF
[19:06:10] Modify product: Probable outer membrane protein PmpG => putative outer membrane protein PmpG
[19:06:10] Modify product: Probable outer membrane protein PmpH => putative outer membrane protein PmpH
[19:06:10] Modify product: Probable outer membrane protein PmpI => putative outer membrane protein PmpI
[19:06:10] Cleaned 37 /product names
[19:06:10] Deleting unwanted file: /home/maulanmi/genome_annotation/prokka_with_genes/GCA_000008725.1_ASM872v1_genomic_output/PROKKA_09282024.sprot.tmp.2949545.faa
[19:06:10] Deleting unwanted file: /home/maulanmi/genome_annotation/prokka_with_genes/GCA_000008725.1_ASM872v1_genomic_output/PROKKA_09282024.sprot.tmp.2949545.blast
[19:06:10] There are still 440 unannotated CDS left (started with 892)
[19:06:10] Will use hmmer3 to search against /ibex/sw/csi/prokka/1.14.5/conda2/miniconda2/db/hmm/HAMAP.hmm with 8 CPUs
[19:06:10] Running: cat \/home\/maulanmi\/genome_annotation\/prokka_with_genes\/GCA_000008725\.1_ASM872v1_genomic_output\/PROKKA_09282024\.HAMAP\.hmm\.tmp\.2949545\.faa | parallel --gnu --plain -j 8 --block 8972 --recstart '>' --pipe hmmscan --noali --notextw --acc -E 1e-09 --cpu 1 /ibex/sw/csi/prokka/1.14.5/conda2/miniconda2/db/hmm/HAMAP.hmm /dev/stdin > \/home\/maulanmi\/genome_annotation\/prokka_with_genes\/GCA_000008725\.1_ASM872v1_genomic_output\/PROKKA_09282024\.HAMAP\.hmm\.tmp\.2949545\.hmmer3 2> /dev/null
[19:06:13] Deleting unwanted file: /home/maulanmi/genome_annotation/prokka_with_genes/GCA_000008725.1_ASM872v1_genomic_output/PROKKA_09282024.HAMAP.hmm.tmp.2949545.faa
[19:06:13] Deleting unwanted file: /home/maulanmi/genome_annotation/prokka_with_genes/GCA_000008725.1_ASM872v1_genomic_output/PROKKA_09282024.HAMAP.hmm.tmp.2949545.hmmer3
[19:06:13] Labelling remaining 347 proteins as 'hypothetical protein'
[19:06:13] Possible /pseudo 'Cardiolipin synthase A' at AE001273.1 position 179440
[19:06:13] Found 496 unique /gene codes.
[19:06:13] Fixed 2 duplicate /gene - tyrP_1 tyrP_2
[19:06:13] Fixed 2 duplicate /gene - gyrA_1 gyrA_2
[19:06:13] Fixed 2 duplicate /gene - gyrB_1 gyrB_2
[19:06:13] Fixed 4 duplicate /gene - clsA_1 clsA_2 clsA_3 clsA_4
[19:06:13] Fixed 2 duplicate /gene - oppD_1 oppD_2
[19:06:13] Fixed 2 duplicate /gene - groL_1 groL_2
[19:06:13] Fixed 2 duplicate /gene - pgsA_1 pgsA_2
[19:06:13] Fixed 2 duplicate /gene - oppA_1 oppA_2
[19:06:13] Fixed 2 duplicate /gene - pfp_1 pfp_2
[19:06:13] Fixed 2 duplicate /gene - mntB_1 mntB_2
[19:06:13] Fixed 2 duplicate /gene - alsT_1 alsT_2
[19:06:13] Fixed 2 duplicate /gene - dinG_1 dinG_2
[19:06:13] Fixed 2 duplicate /gene - efp_1 efp_2
[19:06:13] Fixed 2 duplicate /gene - tlcA_1 tlcA_2
[19:06:13] Fixed 2 duplicate /gene - pdhC_1 pdhC_2
[19:06:13] Fixed 2 duplicate /gene - pknD_1 pknD_2
[19:06:13] Fixed 2 duplicate /gene - sctC_1 sctC_2
[19:06:13] Fixed 2 duplicate /gene - dxs_1 dxs_2
[19:06:13] Fixed 2 duplicate /gene - dnaA_1 dnaA_2
[19:06:13] Fixed 19 colliding /gene names.
[19:06:13] Adding /locus_tag identifiers
[19:06:13] Assigned 936 locus_tags to CDS and RNA features.
[19:06:13] Writing outputs to /home/maulanmi/genome_annotation/prokka_with_genes/GCA_000008725.1_ASM872v1_genomic_output/
[19:06:14] Generating annotation statistics file
[19:06:14] Generating Genbank and Sequin files
[19:06:14] Running: tbl2asn -V b -a r10k -l paired-ends -M n -N 1 -y 'Annotated using prokka 1.14.6 from https://github.com/tseemann/prokka' -Z \/home\/maulanmi\/genome_annotation\/prokka_with_genes\/GCA_000008725\.1_ASM872v1_genomic_output\/PROKKA_09282024\.err -i \/home\/maulanmi\/genome_annotation\/prokka_with_genes\/GCA_000008725\.1_ASM872v1_genomic_output\/PROKKA_09282024\.fsa 2> /dev/null
[19:06:15] Deleting unwanted file: /home/maulanmi/genome_annotation/prokka_with_genes/GCA_000008725.1_ASM872v1_genomic_output/errorsummary.val
[19:06:15] Deleting unwanted file: /home/maulanmi/genome_annotation/prokka_with_genes/GCA_000008725.1_ASM872v1_genomic_output/PROKKA_09282024.dr
[19:06:15] Deleting unwanted file: /home/maulanmi/genome_annotation/prokka_with_genes/GCA_000008725.1_ASM872v1_genomic_output/PROKKA_09282024.fixedproducts
[19:06:15] Deleting unwanted file: /home/maulanmi/genome_annotation/prokka_with_genes/GCA_000008725.1_ASM872v1_genomic_output/PROKKA_09282024.ecn
[19:06:15] Deleting unwanted file: /home/maulanmi/genome_annotation/prokka_with_genes/GCA_000008725.1_ASM872v1_genomic_output/PROKKA_09282024.val
[19:06:15] Repairing broken .GBK output that tbl2asn produces...
[19:06:15] Running: sed 's/COORDINATES: profile/COORDINATES:profile/' < \/home\/maulanmi\/genome_annotation\/prokka_with_genes\/GCA_000008725\.1_ASM872v1_genomic_output\/PROKKA_09282024\.gbf > \/home\/maulanmi\/genome_annotation\/prokka_with_genes\/GCA_000008725\.1_ASM872v1_genomic_output\/PROKKA_09282024\.gbk
[19:06:15] Deleting unwanted file: /home/maulanmi/genome_annotation/prokka_with_genes/GCA_000008725.1_ASM872v1_genomic_output/PROKKA_09282024.gbf
[19:06:15] Output files:
[19:06:15] /home/maulanmi/genome_annotation/prokka_with_genes/GCA_000008725.1_ASM872v1_genomic_output/PROKKA_09282024.log
[19:06:15] /home/maulanmi/genome_annotation/prokka_with_genes/GCA_000008725.1_ASM872v1_genomic_output/PROKKA_09282024.fna
[19:06:15] /home/maulanmi/genome_annotation/prokka_with_genes/GCA_000008725.1_ASM872v1_genomic_output/PROKKA_09282024.gff
[19:06:15] /home/maulanmi/genome_annotation/prokka_with_genes/GCA_000008725.1_ASM872v1_genomic_output/PROKKA_09282024.faa
[19:06:15] /home/maulanmi/genome_annotation/prokka_with_genes/GCA_000008725.1_ASM872v1_genomic_output/PROKKA_09282024.ffn
[19:06:15] /home/maulanmi/genome_annotation/prokka_with_genes/GCA_000008725.1_ASM872v1_genomic_output/PROKKA_09282024.tbl
[19:06:15] /home/maulanmi/genome_annotation/prokka_with_genes/GCA_000008725.1_ASM872v1_genomic_output/PROKKA_09282024.fsa
[19:06:15] /home/maulanmi/genome_annotation/prokka_with_genes/GCA_000008725.1_ASM872v1_genomic_output/PROKKA_09282024.tsv
[19:06:15] /home/maulanmi/genome_annotation/prokka_with_genes/GCA_000008725.1_ASM872v1_genomic_output/PROKKA_09282024.txt
[19:06:15] /home/maulanmi/genome_annotation/prokka_with_genes/GCA_000008725.1_ASM872v1_genomic_output/PROKKA_09282024.sqn
[19:06:15] /home/maulanmi/genome_annotation/prokka_with_genes/GCA_000008725.1_ASM872v1_genomic_output/PROKKA_09282024.gbk
[19:06:15] /home/maulanmi/genome_annotation/prokka_with_genes/GCA_000008725.1_ASM872v1_genomic_output/PROKKA_09282024.err
[19:06:15] Annotation finished successfully.
[19:06:15] Walltime used: 0.42 minutes
[19:06:15] If you use this result please cite the Prokka paper:
[19:06:15] Seemann T (2014) Prokka: rapid prokaryotic genome annotation. Bioinformatics. 30(14):2068-9.
[19:06:15] Type 'prokka --citation' for more details.
[19:06:15] Share and enjoy!
