[17:55:47] This is prokka 1.14.6
[17:55:47] Written by Torsten Seemann <torsten.seemann@gmail.com>
[17:55:47] Homepage is https://github.com/tseemann/prokka
[17:55:47] Local time is Sat Sep 28 17:55:47 2024
[17:55:47] You are maulanmi
[17:55:47] Operating system is linux
[17:55:47] You have BioPerl 1.007002
[17:55:47] System has 40 cores.
[17:55:47] Will use maximum of 8 cores.
[17:55:47] Annotating as >>> Bacteria <<<
[17:55:47] Generating locus_tag from '/home/maulanmi/genome_annotation/data/GCA_000008625.1/GCA_000008625.1_ASM862v1_genomic.fna' contents.
[17:55:47] Setting --locustag GBJEOBOH from MD5 0b3e8b819ec7866323a96f7e081ed393
[17:55:47] Creating new output folder: /home/maulanmi/genome_annotation/prokka_output/GCA_000008625.1_ASM862v1_genomic_output
[17:55:47] Running: mkdir -p \/home\/maulanmi\/genome_annotation\/prokka_output\/GCA_000008625\.1_ASM862v1_genomic_output
[17:55:47] Using filename prefix: PROKKA_09282024.XXX
[17:55:47] Setting HMMER_NCPU=1
[17:55:47] Writing log to: /home/maulanmi/genome_annotation/prokka_output/GCA_000008625.1_ASM862v1_genomic_output/PROKKA_09282024.log
[17:55:47] Command: /ibex/sw/csi/prokka/1.14.5/conda2/miniconda2/bin/prokka /home/maulanmi/genome_annotation/data/GCA_000008625.1/GCA_000008625.1_ASM862v1_genomic.fna --outdir /home/maulanmi/genome_annotation/prokka_output/GCA_000008625.1_ASM862v1_genomic_output
[17:55:47] Appending to PATH: /ibex/sw/csi/prokka/1.14.5/conda2/miniconda2/bin
[17:55:47] Looking for 'aragorn' - found /ibex/sw/csi/prokka/1.14.5/conda2/miniconda2/bin/aragorn
[17:55:47] Determined aragorn version is 001002 from 'ARAGORN v1.2.38 Dean Laslett'
[17:55:47] Looking for 'barrnap' - found /ibex/sw/csi/prokka/1.14.5/conda2/miniconda2/bin/barrnap
[17:55:47] Determined barrnap version is 000009 from 'barrnap 0.9'
[17:55:47] Looking for 'blastp' - found /ibex/sw/csi/prokka/1.14.5/conda2/miniconda2/bin/blastp
[17:55:47] Determined blastp version is 002010 from 'blastp: 2.10.1+'
[17:55:47] Looking for 'cmpress' - found /ibex/sw/csi/prokka/1.14.5/conda2/miniconda2/bin/cmpress
[17:55:47] Determined cmpress version is 001001 from '# INFERNAL 1.1.3 (Nov 2019)'
[17:55:47] Looking for 'cmscan' - found /ibex/sw/csi/prokka/1.14.5/conda2/miniconda2/bin/cmscan
[17:55:47] Determined cmscan version is 001001 from '# INFERNAL 1.1.3 (Nov 2019)'
[17:55:47] Looking for 'egrep' - found /usr/bin/egrep
[17:55:47] Looking for 'find' - found /usr/bin/find
[17:55:47] Looking for 'grep' - found /usr/bin/grep
[17:55:47] Looking for 'hmmpress' - found /ibex/sw/csi/prokka/1.14.5/conda2/miniconda2/bin/hmmpress
[17:55:47] Determined hmmpress version is 003003 from '# HMMER 3.3.2 (Nov 2020); http://hmmer.org/'
[17:55:47] Looking for 'hmmscan' - found /ibex/sw/csi/prokka/1.14.5/conda2/miniconda2/bin/hmmscan
[17:55:47] Determined hmmscan version is 003003 from '# HMMER 3.3.2 (Nov 2020); http://hmmer.org/'
[17:55:47] Looking for 'java' - found /ibex/sw/csi/prokka/1.14.5/conda2/miniconda2/bin/java
[17:55:47] Looking for 'makeblastdb' - found /ibex/sw/csi/prokka/1.14.5/conda2/miniconda2/bin/makeblastdb
[17:55:47] Determined makeblastdb version is 002010 from 'makeblastdb: 2.10.1+'
[17:55:47] Looking for 'minced' - found /ibex/sw/csi/prokka/1.14.5/conda2/miniconda2/bin/minced
[17:55:47] Determined minced version is 004002 from 'minced 0.4.2'
[17:55:47] Looking for 'parallel' - found /ibex/sw/csi/prokka/1.14.5/conda2/miniconda2/bin/parallel
[17:55:47] Determined parallel version is 20201122 from 'GNU parallel 20201122'
[17:55:47] Looking for 'prodigal' - found /ibex/sw/csi/prokka/1.14.5/conda2/miniconda2/bin/prodigal
[17:55:47] Determined prodigal version is 002006 from 'Prodigal V2.6.3: February, 2016'
[17:55:47] Looking for 'prokka-genbank_to_fasta_db' - found /ibex/sw/csi/prokka/1.14.5/conda2/miniconda2/bin/prokka-genbank_to_fasta_db
[17:55:47] Looking for 'sed' - found /usr/bin/sed
[17:55:47] Looking for 'tbl2asn' - found /ibex/sw/csi/prokka/1.14.5/conda2/miniconda2/bin/tbl2asn
[17:55:47] Determined tbl2asn version is 025007 from 'tbl2asn 25.7   arguments:'
[17:55:47] Using genetic code table 11.
[17:55:47] Loading and checking input file: /home/maulanmi/genome_annotation/data/GCA_000008625.1/GCA_000008625.1_ASM862v1_genomic.fna
[17:55:47] Wrote 2 contigs totalling 1590791 bp.
[17:55:47] Predicting tRNAs and tmRNAs
[17:55:47] Running: aragorn -l -gc11  -w \/home\/maulanmi\/genome_annotation\/prokka_output\/GCA_000008625\.1_ASM862v1_genomic_output\/PROKKA_09282024\.fna
[17:55:47] 1 tRNA-Ser [168875,168966] 35 (gga)
[17:55:47] 2 tRNA-Leu [215844,215931] 35 (gag)
[17:55:47] 3 tRNA-Gly [217784,217858] 33 (gcc)
[17:55:47] 4 tRNA-Cys [217867,217941] 33 (gca)
[17:55:47] 5 tRNA-Gly c[296987,297061] 33 (ccc)
[17:55:47] 6 tRNA-Thr c[383314,383386] 33 (cgt)
[17:55:47] 7 tRNA-Met [403089,403165] 35 (cat)
[17:55:47] 8 tRNA-Arg c[443924,444000] 35 (cct)
[17:55:47] 9 tRNA-Phe c[450405,450480] 34 (gaa)
[17:55:47] 10 tRNA-Pro [552612,552687] 34 (ggg)
[17:55:47] 11 tRNA-Ala c[570931,571004] 34 (tgc)
[17:55:47] 12 tRNA-Ile c[571021,571094] 35 (gat)
[17:55:47] 13 tRNA-Leu c[601714,601801] 35 (taa)
[17:55:47] 14 tRNA-Arg c[619913,619987] 35 (ccg)
[17:55:47] 15 tRNA-Ser c[643592,643683] 35 (gct)
[17:55:47] 16 tRNA-SeC [727371,727469] 36 (tca)
[17:55:47] 17 tRNA-Val c[730601,730676] 34 (gac)
[17:55:47] 18 tRNA-Leu c[844143,844230] 35 (caa)
[17:55:47] 19 tRNA-Met c[861903,861978] 34 (cat)
[17:55:47] 20 tRNA-Leu c[898299,898385] 35 (cag)
[17:55:47] 21 tRNA-Leu c[955409,955495] 35 (tag)
[17:55:47] 22 tRNA-Met [970381,970457] 35 (cat)
[17:55:47] 23 tRNA-Ser [972005,972095] 35 (cga)
[17:55:47] 24 tRNA-Asn [1050475,1050550] 34 (gtt)
[17:55:47] 25 tRNA-Gln c[1147762,1147837] 34 (ttg)
[17:55:47] 26 tmRNA c[1153498,1153844] 70,111 AKTAPEAELALAA*
[17:55:47] 27 tRNA-Pro c[1174311,1174383] 34 (cgg)
[17:55:47] 28 tRNA-Ile [1193760,1193833] 35 (gat)
[17:55:47] 29 tRNA-Ala [1193850,1193923] 34 (tgc)
[17:55:47] 30 tRNA-Arg [1197109,1197185] 35 (tct)
[17:55:47] 31 tRNA-Ser c[1231220,1231312] 35 (tga)
[17:55:47] 32 tRNA-Lys c[1242833,1242908] 34 (ctt)
[17:55:47] 33 tRNA-Arg c[1242934,1243010] 35 (acg)
[17:55:47] 34 tRNA-His [1245134,1245209] 34 (gtg)
[17:55:47] 35 tRNA-Thr [1356479,1356553] 35 (tgt)
[17:55:47] 36 tRNA-Tyr [1356575,1356659] 35 (gta)
[17:55:47] 37 tRNA-Gly [1356669,1356744] 34 (tcc)
[17:55:47] 38 tRNA-Thr [1356774,1356849] 34 (ggt)
[17:55:47] 39 tRNA-Trp [1358326,1358401] 34 (cca)
[17:55:47] 40 tRNA-Asp c[1376002,1376079] 36 (gtc)
[17:55:47] 41 tRNA-Val c[1452938,1453013] 34 (tac)
[17:55:47] 42 tRNA-Glu c[1453035,1453112] 37 (ttc)
[17:55:47] 43 tRNA-Lys c[1515347,1515422] 34 (ttt)
[17:55:47] 44 tRNA-Ala c[1515436,1515511] 34 (ggc)
[17:55:47] 45 tRNA-Pro c[1531052,1531124] 34 (tgg)
[17:55:47] Found 45 tRNAs
[17:55:47] Predicting Ribosomal RNAs
[17:55:47] Running Barrnap with 8 threads
[17:55:48] 1 AE000657.1 567774 5S ribosomal RNA
[17:55:48] 2 AE000657.1 567934 23S ribosomal RNA
[17:55:48] 3 AE000657.1 571200 16S ribosomal RNA
[17:55:48] 4 AE000657.1 1192075 16S ribosomal RNA
[17:55:48] 5 AE000657.1 1193973 23S ribosomal RNA
[17:55:48] 6 AE000657.1 1196969 5S ribosomal RNA
[17:55:48] Found 6 rRNAs
[17:55:48] Skipping ncRNA search, enable with --rfam if desired.
[17:55:48] Total of 50 tRNA + rRNA features
[17:55:48] Searching for CRISPR repeats
[17:55:48] CRISPR1 AE000657.1 156460 with 5 spacers
[17:55:48] CRISPR2 AE000657.1 244561 with 4 spacers
[17:55:48] CRISPR3 AE000657.1 279264 with 5 spacers
[17:55:48] CRISPR4 AE000657.1 1226626 with 4 spacers
[17:55:48] CRISPR5 AE000657.1 1379598 with 5 spacers
[17:55:48] CRISPR6 AE000657.1 1418900 with 3 spacers
[17:55:48] CRISPR7 AE000667.1 437 with 4 spacers
[17:55:48] Found 7 CRISPRs
[17:55:48] Predicting coding sequences
[17:55:48] Contigs total 1590791 bp, so using single mode
[17:55:48] Running: prodigal -i \/home\/maulanmi\/genome_annotation\/prokka_output\/GCA_000008625\.1_ASM862v1_genomic_output\/PROKKA_09282024\.fna -c -m -g 11 -p single -f sco -q
[17:55:52] Excluding CDS which overlaps existing RNA (tRNA) at AE000657.1:217910..218716 on - strand
[17:55:53] Excluding CDS which overlaps existing RNA (tRNA) at AE000657.1:402088..403089 on + strand
[17:55:53] Excluding CDS which overlaps existing RNA (tRNA) at AE000657.1:954053..955489 on - strand
[17:55:53] Excluding CDS which overlaps existing RNA (repeat_region) at AE000667.1:91..492 on - strand
[17:55:53] Found 1771 CDS
[17:55:53] Connecting features back to sequences
[17:55:53] Not using genus-specific database. Try --usegenus to enable it.
[17:55:53] Annotating CDS, please be patient.
[17:55:53] Will use 8 CPUs for similarity searching.
[17:55:54] There are still 1771 unannotated CDS left (started with 1771)
[17:55:54] Will use blast to search against /ibex/sw/csi/prokka/1.14.5/conda2/miniconda2/db/kingdom/Bacteria/IS with 8 CPUs
[17:55:54] Running: cat \/home\/maulanmi\/genome_annotation\/prokka_output\/GCA_000008625\.1_ASM862v1_genomic_output\/PROKKA_09282024\.IS\.tmp\.2907976\.faa | parallel --gnu --plain -j 8 --block 32106 --recstart '>' --pipe blastp -query - -db /ibex/sw/csi/prokka/1.14.5/conda2/miniconda2/db/kingdom/Bacteria/IS -evalue 1e-30 -qcov_hsp_perc 90 -num_threads 1 -num_descriptions 1 -num_alignments 1 -seg no > \/home\/maulanmi\/genome_annotation\/prokka_output\/GCA_000008625\.1_ASM862v1_genomic_output\/PROKKA_09282024\.IS\.tmp\.2907976\.blast 2> /dev/null
[17:55:58] Deleting unwanted file: /home/maulanmi/genome_annotation/prokka_output/GCA_000008625.1_ASM862v1_genomic_output/PROKKA_09282024.IS.tmp.2907976.faa
[17:55:58] Deleting unwanted file: /home/maulanmi/genome_annotation/prokka_output/GCA_000008625.1_ASM862v1_genomic_output/PROKKA_09282024.IS.tmp.2907976.blast
[17:55:59] There are still 1768 unannotated CDS left (started with 1771)
[17:55:59] Will use blast to search against /ibex/sw/csi/prokka/1.14.5/conda2/miniconda2/db/kingdom/Bacteria/AMR with 8 CPUs
[17:55:59] Running: cat \/home\/maulanmi\/genome_annotation\/prokka_output\/GCA_000008625\.1_ASM862v1_genomic_output\/PROKKA_09282024\.AMR\.tmp\.2907976\.faa | parallel --gnu --plain -j 8 --block 32047 --recstart '>' --pipe blastp -query - -db /ibex/sw/csi/prokka/1.14.5/conda2/miniconda2/db/kingdom/Bacteria/AMR -evalue 9.99999999999999e-301 -qcov_hsp_perc 90 -num_threads 1 -num_descriptions 1 -num_alignments 1 -seg no > \/home\/maulanmi\/genome_annotation\/prokka_output\/GCA_000008625\.1_ASM862v1_genomic_output\/PROKKA_09282024\.AMR\.tmp\.2907976\.blast 2> /dev/null
[17:56:02] Deleting unwanted file: /home/maulanmi/genome_annotation/prokka_output/GCA_000008625.1_ASM862v1_genomic_output/PROKKA_09282024.AMR.tmp.2907976.faa
[17:56:02] Deleting unwanted file: /home/maulanmi/genome_annotation/prokka_output/GCA_000008625.1_ASM862v1_genomic_output/PROKKA_09282024.AMR.tmp.2907976.blast
[17:56:03] There are still 1768 unannotated CDS left (started with 1771)
[17:56:03] Will use blast to search against /ibex/sw/csi/prokka/1.14.5/conda2/miniconda2/db/kingdom/Bacteria/sprot with 8 CPUs
[17:56:03] Running: cat \/home\/maulanmi\/genome_annotation\/prokka_output\/GCA_000008625\.1_ASM862v1_genomic_output\/PROKKA_09282024\.sprot\.tmp\.2907976\.faa | parallel --gnu --plain -j 8 --block 32047 --recstart '>' --pipe blastp -query - -db /ibex/sw/csi/prokka/1.14.5/conda2/miniconda2/db/kingdom/Bacteria/sprot -evalue 1e-09 -qcov_hsp_perc 80 -num_threads 1 -num_descriptions 1 -num_alignments 1 -seg no > \/home\/maulanmi\/genome_annotation\/prokka_output\/GCA_000008625\.1_ASM862v1_genomic_output\/PROKKA_09282024\.sprot\.tmp\.2907976\.blast 2> /dev/null
[17:56:20] Modify product: Probable nicotinate-nucleotide pyrophosphorylase [carboxylating] => putative nicotinate-nucleotide pyrophosphorylase [carboxylating]
[17:56:20] Modify product: Probable septum site-determining protein MinC => putative septum site-determining protein MinC
[17:56:20] Modify product: Phosphate-specific transport system accessory protein PhoU homolog => Phosphate-specific transport system accessory protein PhoU 
[17:56:20] Modify product: Uncharacterized protein Rv1899c => putative protein
[17:56:20] Modify product: SCO1 protein homolog => SCO1 protein 
[17:56:20] Modify product: Probable nicotinate-nucleotide adenylyltransferase => putative nicotinate-nucleotide adenylyltransferase
[17:56:20] Modify product: Uncharacterized protein TM_1570 => putative protein
[17:56:20] Modify product: Putative phosphoribosyl transferase Rv0571c => Putative phosphoribosyl transferase
[17:56:20] Modify product: UPF0053 inner membrane protein YfjD => hypothetical protein
[17:56:20] Modify product: UPF0109 protein Rv2908c => hypothetical protein
[17:56:20] Modify product: Probable FMN/FAD exporter YeeO => putative FMN/FAD exporter YeeO
[17:56:20] Modify product: UPF0166 protein TM_0021 => hypothetical protein
[17:56:20] Modify product: Sulfurtransferase Alvin_2599 => Sulfurtransferase
[17:56:20] Modify product: Putative peroxiredoxin Rv2521 => Putative peroxiredoxin
[17:56:20] Modify product: Probable lipid II flippase MurJ => putative lipid II flippase MurJ
[17:56:20] Modify product: Probable undecaprenyl-phosphate N-acetylglucosaminyl 1-phosphate transferase => putative undecaprenyl-phosphate N-acetylglucosaminyl 1-phosphate transferase
[17:56:20] Modify product: UPF0056 inner membrane protein YhgN => hypothetical protein
[17:56:20] Modify product: Probable peptidoglycan D,D-transpeptidase PenA => putative peptidoglycan D,D-transpeptidase PenA
[17:56:20] Modify product: Uncharacterized protein aq_328 => putative protein aq_328
[17:56:20] Modify product: Probable dual-specificity RNA methyltransferase RlmN => putative dual-specificity RNA methyltransferase RlmN
[17:56:20] Modify product: UPF0701 protein HI_0467 => hypothetical protein
[17:56:20] Modify product: Probable CtpA-like serine protease => putative CtpA-like serine protease
[17:56:20] Modify product: Probable N-glycosylase/DNA lyase => putative N-glycosylase/DNA lyase
[17:56:20] Modify product: Uncharacterized protein Rv1829 => putative protein
[17:56:20] Modify product: Uncharacterized protein Rv2004c => putative protein
[17:56:20] Modify product: Uncharacterized protein aq_328 => putative protein aq_328
[17:56:20] Modify product: Uncharacterized periplasmic iron-binding protein HI_0362 => putative periplasmic iron-binding protein
[17:56:20] Modify product: UPF0434 protein YcaR => hypothetical protein
[17:56:20] Modify product: Probable Ni/Fe-hydrogenase 1 B-type cytochrome subunit => putative Ni/Fe-hydrogenase 1 B-type cytochrome subunit
[17:56:20] Modify product: Uncharacterized protein HI_1048 => putative protein
[17:56:20] Modify product: Uncharacterized protein YpbG => putative protein YpbG
[17:56:20] Modify product: Probable bifunctional SAT/APS kinase => putative bifunctional SAT/APS kinase
[17:56:20] Modify product: Probable glycine dehydrogenase (decarboxylating) subunit 1 => putative glycine dehydrogenase (decarboxylating) subunit 1
[17:56:20] Modify product: Probable molybdenum cofactor guanylyltransferase => putative molybdenum cofactor guanylyltransferase
[17:56:20] Modify product: Probable ABC transporter-binding protein DR_1571 => putative ABC transporter-binding protein
[17:56:20] Modify product: Uncharacterized RNA pseudouridine synthase Rv1711 => putative RNA pseudouridine synthase
[17:56:20] Modify product: Putative esterase aq_1494 => Putative esterase
[17:56:20] Modify product: Probable sulfate transporter Rv1739c => putative sulfate transporter
[17:56:20] Modify product: Uncharacterized protein Rv2003c => putative protein
[17:56:20] Modify product: Uncharacterized zinc protease Rv2782c => putative zinc protease
[17:56:20] Modify product: Probable cold shock protein A => putative cold shock protein A
[17:56:20] Modify product: Probable adenylyltransferase/sulfurtransferase MoeZ => putative adenylyltransferase/sulfurtransferase MoeZ
[17:56:20] Modify product: Phage shock protein A homolog => Phage shock protein A 
[17:56:20] Modify product: Probable iron export permease protein FetB => putative iron export permease protein FetB
[17:56:20] Modify product: UPF0098 protein YbhB => hypothetical protein
[17:56:20] Modify product: Uncharacterized ABC transporter ATP-binding protein TM_0288 => putative ABC transporter ATP-binding protein
[17:56:20] Modify product: Probable transcriptional regulatory protein aq_1575 => putative transcriptional regulatory protein
[17:56:20] Modify product: Probable tRNA-dihydrouridine synthase => putative tRNA-dihydrouridine synthase
[17:56:20] Modify product: UPF0758 protein YsxA => hypothetical protein
[17:56:20] Modify product: Uncharacterized protein aq_1627 => putative protein
[17:56:20] Modify product: Probable endonuclease 4 => putative endonuclease 4
[17:56:20] Modify product: Putative sulfur carrier protein TM_0983 => Putative sulfur carrier protein
[17:56:20] Modify product: Uncharacterized protein YqgN => putative protein YqgN
[17:56:20] Modify product: Uncharacterized FAD-linked oxidoreductase Rv2280 => putative FAD-linked oxidoreductase
[17:56:20] Modify product: Probable GTP-binding protein EngB => putative GTP-binding protein EngB
[17:56:20] Modify product: Protein aq_1857 => Protein
[17:56:20] Modify product: Uncharacterized protein YccU => putative protein YccU
[17:56:21] Modify product: Bifunctional protein FolD => Bifunctional protein FolD protein
[17:56:21] Modify product: Probable glycine dehydrogenase (decarboxylating) subunit 2 => putative glycine dehydrogenase (decarboxylating) subunit 2
[17:56:21] Modify product: Putative zinc metalloprotease aq_1964 => Putative zinc metalloprotease
[17:56:21] Modify product: UPF0047 protein Rv2556c => hypothetical protein
[17:56:21] Modify product: Uncharacterized protein aq_1974 => putative protein
[17:56:21] Modify product: Protease HtpX homolog => Protease HtpX 
[17:56:21] Modify product: UPF0047 protein Rv2556c => hypothetical protein
[17:56:21] Modify product: UPF0045 protein Rv1898 => hypothetical protein
[17:56:21] Modify product: Dihydroorotate dehydrogenase B (NAD(+)), electron transfer subunit homolog => Dihydroorotate dehydrogenase B (NAD(+)), electron transfer subunit 
[17:56:21] Modify product: UPF0053 protein HI_0107 => hypothetical protein
[17:56:21] Cleaned 67 /product names
[17:56:21] Deleting unwanted file: /home/maulanmi/genome_annotation/prokka_output/GCA_000008625.1_ASM862v1_genomic_output/PROKKA_09282024.sprot.tmp.2907976.faa
[17:56:21] Deleting unwanted file: /home/maulanmi/genome_annotation/prokka_output/GCA_000008625.1_ASM862v1_genomic_output/PROKKA_09282024.sprot.tmp.2907976.blast
[17:56:21] There are still 875 unannotated CDS left (started with 1771)
[17:56:21] Will use hmmer3 to search against /ibex/sw/csi/prokka/1.14.5/conda2/miniconda2/db/hmm/HAMAP.hmm with 8 CPUs
[17:56:21] Running: cat \/home\/maulanmi\/genome_annotation\/prokka_output\/GCA_000008625\.1_ASM862v1_genomic_output\/PROKKA_09282024\.HAMAP\.hmm\.tmp\.2907976\.faa | parallel --gnu --plain -j 8 --block 13319 --recstart '>' --pipe hmmscan --noali --notextw --acc -E 1e-09 --cpu 1 /ibex/sw/csi/prokka/1.14.5/conda2/miniconda2/db/hmm/HAMAP.hmm /dev/stdin > \/home\/maulanmi\/genome_annotation\/prokka_output\/GCA_000008625\.1_ASM862v1_genomic_output\/PROKKA_09282024\.HAMAP\.hmm\.tmp\.2907976\.hmmer3 2> /dev/null
[17:56:26] Deleting unwanted file: /home/maulanmi/genome_annotation/prokka_output/GCA_000008625.1_ASM862v1_genomic_output/PROKKA_09282024.HAMAP.hmm.tmp.2907976.faa
[17:56:26] Deleting unwanted file: /home/maulanmi/genome_annotation/prokka_output/GCA_000008625.1_ASM862v1_genomic_output/PROKKA_09282024.HAMAP.hmm.tmp.2907976.hmmer3
[17:56:26] Labelling remaining 703 proteins as 'hypothetical protein'
[17:56:26] Possible /pseudo 'Ferredoxin, 2Fe-2S' at AE000657.1 position 66706
[17:56:26] Possible /pseudo 'Small ribosomal subunit biogenesis GTPase RsgA' at AE000657.1 position 102853
[17:56:26] Possible /pseudo 'Motility protein B' at AE000657.1 position 693181
[17:56:26] Possible /pseudo 'ATP synthase subunit b' at AE000657.1 position 1119542
[17:56:26] Possible /pseudo 'Serine-pyruvate aminotransferase' at AE000657.1 position 1121827
[17:56:26] Possible /pseudo 'Bifunctional glutamine synthetase adenylyltransferase/adenylyl-removing enzyme' at AE000657.1 position 1254345
[17:56:26] Possible /pseudo 'Acetyl-coenzyme A synthetase' at AE000657.1 position 1479634
[17:56:26] Found 871 unique /gene codes.
[17:56:26] Fixed 2 duplicate /gene - atpG_1 atpG_2
[17:56:26] Fixed 2 duplicate /gene - rhdA_1 rhdA_2
[17:56:26] Fixed 2 duplicate /gene - pilT_1 pilT_2
[17:56:26] Fixed 2 duplicate /gene - ndhB_1 ndhB_2
[17:56:26] Fixed 3 duplicate /gene - tusA_1 tusA_2 tusA_3
[17:56:26] Fixed 3 duplicate /gene - tuf_1 tuf_2 tuf_3
[17:56:26] Fixed 2 duplicate /gene - tolQ_1 tolQ_2
[17:56:26] Fixed 2 duplicate /gene - atpF_1 atpF_2
[17:56:26] Fixed 2 duplicate /gene - yhfA_1 yhfA_2
[17:56:26] Fixed 2 duplicate /gene - bamA_1 bamA_2
[17:56:26] Fixed 2 duplicate /gene - btuD_1 btuD_2
[17:56:26] Fixed 2 duplicate /gene - speE_1 speE_2
[17:56:26] Fixed 2 duplicate /gene - iscS_1 iscS_2
[17:56:26] Fixed 2 duplicate /gene - nuoN_1 nuoN_2
[17:56:26] Fixed 2 duplicate /gene - nuoJ_1 nuoJ_2
[17:56:26] Fixed 2 duplicate /gene - rpsL_1 rpsL_2
[17:56:26] Fixed 2 duplicate /gene - flhB_1 flhB_2
[17:56:26] Fixed 2 duplicate /gene - mdh_1 mdh_2
[17:56:26] Fixed 2 duplicate /gene - rgy_1 rgy_2
[17:56:26] Fixed 2 duplicate /gene - ilvE_1 ilvE_2
[17:56:26] Fixed 2 duplicate /gene - dnaJ_1 dnaJ_2
[17:56:26] Fixed 2 duplicate /gene - nuoC_1 nuoC_2
[17:56:26] Fixed 2 duplicate /gene - resA_1 resA_2
[17:56:26] Fixed 4 duplicate /gene - arnT_1 arnT_2 arnT_3 arnT_4
[17:56:26] Fixed 2 duplicate /gene - mglA_1 mglA_2
[17:56:26] Fixed 2 duplicate /gene - hldD_1 hldD_2
[17:56:26] Fixed 2 duplicate /gene - trpD_1 trpD_2
[17:56:26] Fixed 2 duplicate /gene - prsA_1 prsA_2
[17:56:26] Fixed 2 duplicate /gene - hfq_1 hfq_2
[17:56:26] Fixed 2 duplicate /gene - dksA_1 dksA_2
[17:56:26] Fixed 2 duplicate /gene - murB_1 murB_2
[17:56:26] Fixed 2 duplicate /gene - queC_1 queC_2
[17:56:26] Fixed 2 duplicate /gene - cfiA_1 cfiA_2
[17:56:26] Fixed 2 duplicate /gene - radA_1 radA_2
[17:56:26] Fixed 2 duplicate /gene - fccB_1 fccB_2
[17:56:26] Fixed 2 duplicate /gene - epmA_1 epmA_2
[17:56:26] Fixed 2 duplicate /gene - metG_1 metG_2
[17:56:26] Fixed 2 duplicate /gene - glnE_1 glnE_2
[17:56:26] Fixed 2 duplicate /gene - cpoB_1 cpoB_2
[17:56:26] Fixed 2 duplicate /gene - cfiB_1 cfiB_2
[17:56:26] Fixed 2 duplicate /gene - kamA_1 kamA_2
[17:56:26] Fixed 3 duplicate /gene - dsbD_1 dsbD_2 dsbD_3
[17:56:26] Fixed 3 duplicate /gene - COQ5_1 COQ5_2 COQ5_3
[17:56:26] Fixed 2 duplicate /gene - bioB_1 bioB_2
[17:56:26] Fixed 2 duplicate /gene - mshA_1 mshA_2
[17:56:26] Fixed 4 duplicate /gene - atoC_1 atoC_2 atoC_3 atoC_4
[17:56:26] Fixed 3 duplicate /gene - nth_1 nth_2 nth_3
[17:56:26] Fixed 2 duplicate /gene - cpdA_1 cpdA_2
[17:56:26] Fixed 2 duplicate /gene - acsA_1 acsA_2
[17:56:26] Fixed 2 duplicate /gene - sigA_1 sigA_2
[17:56:26] Fixed 2 duplicate /gene - cdgJ_1 cdgJ_2
[17:56:26] Fixed 2 duplicate /gene - nfuA_1 nfuA_2
[17:56:26] Fixed 2 duplicate /gene - arsC_1 arsC_2
[17:56:26] Fixed 2 duplicate /gene - leuS_1 leuS_2
[17:56:26] Fixed 2 duplicate /gene - hoxK_1 hoxK_2
[17:56:26] Fixed 2 duplicate /gene - glmM_1 glmM_2
[17:56:26] Fixed 2 duplicate /gene - mdtA_1 mdtA_2
[17:56:26] Fixed 2 duplicate /gene - sucD_1 sucD_2
[17:56:26] Fixed 2 duplicate /gene - lipM_1 lipM_2
[17:56:26] Fixed 2 duplicate /gene - atpD_1 atpD_2
[17:56:26] Fixed 4 duplicate /gene - bepA_1 bepA_2 bepA_3 bepA_4
[17:56:26] Fixed 2 duplicate /gene - kmo_1 kmo_2
[17:56:26] Fixed 2 duplicate /gene - fmt_1 fmt_2
[17:56:26] Fixed 2 duplicate /gene - yojM_1 yojM_2
[17:56:26] Fixed 2 duplicate /gene - epsE_1 epsE_2
[17:56:26] Fixed 2 duplicate /gene - polA_1 polA_2
[17:56:26] Fixed 2 duplicate /gene - clpX_1 clpX_2
[17:56:26] Fixed 2 duplicate /gene - flgG_1 flgG_2
[17:56:26] Fixed 2 duplicate /gene - hldE_1 hldE_2
[17:56:26] Fixed 2 duplicate /gene - fdx4_1 fdx4_2
[17:56:26] Fixed 2 duplicate /gene - murJ_1 murJ_2
[17:56:26] Fixed 2 duplicate /gene - thrC_1 thrC_2
[17:56:26] Fixed 2 duplicate /gene - xerC_1 xerC_2
[17:56:26] Fixed 2 duplicate /gene - smc_1 smc_2
[17:56:26] Fixed 2 duplicate /gene - gph_1 gph_2
[17:56:26] Fixed 2 duplicate /gene - mrdB_1 mrdB_2
[17:56:26] Fixed 2 duplicate /gene - mtnB_1 mtnB_2
[17:56:26] Fixed 2 duplicate /gene - sqr_1 sqr_2
[17:56:26] Fixed 2 duplicate /gene - rsgA_1 rsgA_2
[17:56:26] Fixed 2 duplicate /gene - cmpR_1 cmpR_2
[17:56:26] Fixed 5 duplicate /gene - gcvH_1 gcvH_2 gcvH_3 gcvH_4 gcvH_5
[17:56:26] Fixed 2 duplicate /gene - rlpA_1 rlpA_2
[17:56:26] Fixed 2 duplicate /gene - nuoH_1 nuoH_2
[17:56:26] Fixed 2 duplicate /gene - rpsG_1 rpsG_2
[17:56:26] Fixed 2 duplicate /gene - motB_1 motB_2
[17:56:26] Fixed 2 duplicate /gene - ndhC_1 ndhC_2
[17:56:26] Fixed 2 duplicate /gene - trpB_1 trpB_2
[17:56:26] Fixed 2 duplicate /gene - carB_1 carB_2
[17:56:26] Fixed 2 duplicate /gene - rlmI_1 rlmI_2
[17:56:26] Fixed 2 duplicate /gene - nuoM_1 nuoM_2
[17:56:26] Fixed 2 duplicate /gene - mltC_1 mltC_2
[17:56:26] Fixed 2 duplicate /gene - ccsA_1 ccsA_2
[17:56:26] Fixed 2 duplicate /gene - ndhI_1 ndhI_2
[17:56:26] Fixed 2 duplicate /gene - polC_1 polC_2
[17:56:26] Fixed 2 duplicate /gene - lolD_1 lolD_2
[17:56:26] Fixed 95 colliding /gene names.
[17:56:26] Adding /locus_tag identifiers
[17:56:26] Assigned 1822 locus_tags to CDS and RNA features.
[17:56:26] Writing outputs to /home/maulanmi/genome_annotation/prokka_output/GCA_000008625.1_ASM862v1_genomic_output/
[17:56:27] Generating annotation statistics file
[17:56:27] Generating Genbank and Sequin files
[17:56:27] Running: tbl2asn -V b -a r10k -l paired-ends -M n -N 1 -y 'Annotated using prokka 1.14.6 from https://github.com/tseemann/prokka' -Z \/home\/maulanmi\/genome_annotation\/prokka_output\/GCA_000008625\.1_ASM862v1_genomic_output\/PROKKA_09282024\.err -i \/home\/maulanmi\/genome_annotation\/prokka_output\/GCA_000008625\.1_ASM862v1_genomic_output\/PROKKA_09282024\.fsa 2> /dev/null
[17:56:30] Deleting unwanted file: /home/maulanmi/genome_annotation/prokka_output/GCA_000008625.1_ASM862v1_genomic_output/errorsummary.val
[17:56:30] Deleting unwanted file: /home/maulanmi/genome_annotation/prokka_output/GCA_000008625.1_ASM862v1_genomic_output/PROKKA_09282024.dr
[17:56:30] Deleting unwanted file: /home/maulanmi/genome_annotation/prokka_output/GCA_000008625.1_ASM862v1_genomic_output/PROKKA_09282024.fixedproducts
[17:56:30] Deleting unwanted file: /home/maulanmi/genome_annotation/prokka_output/GCA_000008625.1_ASM862v1_genomic_output/PROKKA_09282024.ecn
[17:56:30] Deleting unwanted file: /home/maulanmi/genome_annotation/prokka_output/GCA_000008625.1_ASM862v1_genomic_output/PROKKA_09282024.val
[17:56:30] Repairing broken .GBK output that tbl2asn produces...
[17:56:30] Running: sed 's/COORDINATES: profile/COORDINATES:profile/' < \/home\/maulanmi\/genome_annotation\/prokka_output\/GCA_000008625\.1_ASM862v1_genomic_output\/PROKKA_09282024\.gbf > \/home\/maulanmi\/genome_annotation\/prokka_output\/GCA_000008625\.1_ASM862v1_genomic_output\/PROKKA_09282024\.gbk
[17:56:30] Deleting unwanted file: /home/maulanmi/genome_annotation/prokka_output/GCA_000008625.1_ASM862v1_genomic_output/PROKKA_09282024.gbf
[17:56:30] Output files:
[17:56:30] /home/maulanmi/genome_annotation/prokka_output/GCA_000008625.1_ASM862v1_genomic_output/PROKKA_09282024.log
[17:56:30] /home/maulanmi/genome_annotation/prokka_output/GCA_000008625.1_ASM862v1_genomic_output/PROKKA_09282024.fna
[17:56:30] /home/maulanmi/genome_annotation/prokka_output/GCA_000008625.1_ASM862v1_genomic_output/PROKKA_09282024.gff
[17:56:30] /home/maulanmi/genome_annotation/prokka_output/GCA_000008625.1_ASM862v1_genomic_output/PROKKA_09282024.faa
[17:56:30] /home/maulanmi/genome_annotation/prokka_output/GCA_000008625.1_ASM862v1_genomic_output/PROKKA_09282024.ffn
[17:56:30] /home/maulanmi/genome_annotation/prokka_output/GCA_000008625.1_ASM862v1_genomic_output/PROKKA_09282024.tbl
[17:56:30] /home/maulanmi/genome_annotation/prokka_output/GCA_000008625.1_ASM862v1_genomic_output/PROKKA_09282024.fsa
[17:56:30] /home/maulanmi/genome_annotation/prokka_output/GCA_000008625.1_ASM862v1_genomic_output/PROKKA_09282024.tsv
[17:56:30] /home/maulanmi/genome_annotation/prokka_output/GCA_000008625.1_ASM862v1_genomic_output/PROKKA_09282024.txt
[17:56:30] /home/maulanmi/genome_annotation/prokka_output/GCA_000008625.1_ASM862v1_genomic_output/PROKKA_09282024.gbk
[17:56:30] /home/maulanmi/genome_annotation/prokka_output/GCA_000008625.1_ASM862v1_genomic_output/PROKKA_09282024.sqn
[17:56:30] /home/maulanmi/genome_annotation/prokka_output/GCA_000008625.1_ASM862v1_genomic_output/PROKKA_09282024.err
[17:56:30] Annotation finished successfully.
[17:56:30] Walltime used: 0.72 minutes
[17:56:30] If you use this result please cite the Prokka paper:
[17:56:30] Seemann T (2014) Prokka: rapid prokaryotic genome annotation. Bioinformatics. 30(14):2068-9.
[17:56:30] Type 'prokka --citation' for more details.
[17:56:30] Share and enjoy!
