[19:04:36] This is prokka 1.14.6
[19:04:36] Written by Torsten Seemann <torsten.seemann@gmail.com>
[19:04:36] Homepage is https://github.com/tseemann/prokka
[19:04:36] Local time is Sat Sep 28 19:04:36 2024
[19:04:36] You are maulanmi
[19:04:36] Operating system is linux
[19:04:36] You have BioPerl 1.007002
[19:04:36] System has 40 cores.
[19:04:36] Will use maximum of 8 cores.
[19:04:36] Annotating as >>> Bacteria <<<
[19:04:36] Generating locus_tag from '/home/maulanmi/genome_annotation/data/GCA_000008605.1/GCA_000008605.1_ASM860v1_genomic.fna' contents.
[19:04:36] Setting --locustag AFMNAGNA from MD5 af67a07aa1e6034637f726dd18274d48
[19:04:36] Creating new output folder: /home/maulanmi/genome_annotation/prokka_with_genes/GCA_000008605.1_ASM860v1_genomic_output
[19:04:36] Running: mkdir -p \/home\/maulanmi\/genome_annotation\/prokka_with_genes\/GCA_000008605\.1_ASM860v1_genomic_output
[19:04:36] Using filename prefix: PROKKA_09282024.XXX
[19:04:36] Setting HMMER_NCPU=1
[19:04:36] Writing log to: /home/maulanmi/genome_annotation/prokka_with_genes/GCA_000008605.1_ASM860v1_genomic_output/PROKKA_09282024.log
[19:04:36] Command: /ibex/sw/csi/prokka/1.14.5/conda2/miniconda2/bin/prokka /home/maulanmi/genome_annotation/data/GCA_000008605.1/GCA_000008605.1_ASM860v1_genomic.fna --addgenes --outdir /home/maulanmi/genome_annotation/prokka_with_genes/GCA_000008605.1_ASM860v1_genomic_output
[19:04:36] Appending to PATH: /ibex/sw/csi/prokka/1.14.5/conda2/miniconda2/bin
[19:04:36] Looking for 'aragorn' - found /ibex/sw/csi/prokka/1.14.5/conda2/miniconda2/bin/aragorn
[19:04:36] Determined aragorn version is 001002 from 'ARAGORN v1.2.38 Dean Laslett'
[19:04:36] Looking for 'barrnap' - found /ibex/sw/csi/prokka/1.14.5/conda2/miniconda2/bin/barrnap
[19:04:36] Determined barrnap version is 000009 from 'barrnap 0.9'
[19:04:36] Looking for 'blastp' - found /ibex/sw/csi/prokka/1.14.5/conda2/miniconda2/bin/blastp
[19:04:36] Determined blastp version is 002010 from 'blastp: 2.10.1+'
[19:04:36] Looking for 'cmpress' - found /ibex/sw/csi/prokka/1.14.5/conda2/miniconda2/bin/cmpress
[19:04:36] Determined cmpress version is 001001 from '# INFERNAL 1.1.3 (Nov 2019)'
[19:04:36] Looking for 'cmscan' - found /ibex/sw/csi/prokka/1.14.5/conda2/miniconda2/bin/cmscan
[19:04:36] Determined cmscan version is 001001 from '# INFERNAL 1.1.3 (Nov 2019)'
[19:04:36] Looking for 'egrep' - found /usr/bin/egrep
[19:04:36] Looking for 'find' - found /usr/bin/find
[19:04:36] Looking for 'grep' - found /usr/bin/grep
[19:04:36] Looking for 'hmmpress' - found /ibex/sw/csi/prokka/1.14.5/conda2/miniconda2/bin/hmmpress
[19:04:36] Determined hmmpress version is 003003 from '# HMMER 3.3.2 (Nov 2020); http://hmmer.org/'
[19:04:36] Looking for 'hmmscan' - found /ibex/sw/csi/prokka/1.14.5/conda2/miniconda2/bin/hmmscan
[19:04:36] Determined hmmscan version is 003003 from '# HMMER 3.3.2 (Nov 2020); http://hmmer.org/'
[19:04:36] Looking for 'java' - found /ibex/sw/csi/prokka/1.14.5/conda2/miniconda2/bin/java
[19:04:36] Looking for 'makeblastdb' - found /ibex/sw/csi/prokka/1.14.5/conda2/miniconda2/bin/makeblastdb
[19:04:36] Determined makeblastdb version is 002010 from 'makeblastdb: 2.10.1+'
[19:04:36] Looking for 'minced' - found /ibex/sw/csi/prokka/1.14.5/conda2/miniconda2/bin/minced
[19:04:36] Determined minced version is 004002 from 'minced 0.4.2'
[19:04:36] Looking for 'parallel' - found /ibex/sw/csi/prokka/1.14.5/conda2/miniconda2/bin/parallel
[19:04:36] Determined parallel version is 20201122 from 'GNU parallel 20201122'
[19:04:36] Looking for 'prodigal' - found /ibex/sw/csi/prokka/1.14.5/conda2/miniconda2/bin/prodigal
[19:04:36] Determined prodigal version is 002006 from 'Prodigal V2.6.3: February, 2016'
[19:04:36] Looking for 'prokka-genbank_to_fasta_db' - found /ibex/sw/csi/prokka/1.14.5/conda2/miniconda2/bin/prokka-genbank_to_fasta_db
[19:04:36] Looking for 'sed' - found /usr/bin/sed
[19:04:36] Looking for 'tbl2asn' - found /ibex/sw/csi/prokka/1.14.5/conda2/miniconda2/bin/tbl2asn
[19:04:36] Determined tbl2asn version is 025007 from 'tbl2asn 25.7   arguments:'
[19:04:36] Using genetic code table 11.
[19:04:36] Loading and checking input file: /home/maulanmi/genome_annotation/data/GCA_000008605.1/GCA_000008605.1_ASM860v1_genomic.fna
[19:04:36] Wrote 1 contigs totalling 1138011 bp.
[19:04:36] Predicting tRNAs and tmRNAs
[19:04:36] Running: aragorn -l -gc11  -w \/home\/maulanmi\/genome_annotation\/prokka_with_genes\/GCA_000008605\.1_ASM860v1_genomic_output\/PROKKA_09282024\.fna
[19:04:37] 1 tRNA-Ser c[24338,24425] 35 (gga)
[19:04:37] 2 tRNA-Ser c[24482,24570] 35 (cga)
[19:04:37] 3 tRNA-Arg c[24627,24702] 36 (gcg)
[19:04:37] 4 tRNA-Ser c[24732,24820] 36 (gct)
[19:04:37] 5 tRNA-Ser c[24859,24944] 35 (tga)
[19:04:37] 6 tRNA-Gln [124900,124970] 33 (ctg)
[19:04:37] 7 tRNA-Glu [124979,125052] 35 (ttc)
[19:04:37] 8 tRNA-Glu [125087,125160] 35 (ctc)
[19:04:37] 9 tRNA-Val [156596,156668] 34 (tac)
[19:04:37] 10 tRNA-Leu c[167948,168031] 36 (gag)
[19:04:37] 11 tRNA-Met [189892,189964] 34 (cat)
[19:04:37] 12 tRNA-Ile [231761,231835] 35 (gat)
[19:04:37] 13 tRNA-Thr [241889,241961] 34 (ggt)
[19:04:37] 14 tRNA-Trp [242214,242288] 35 (cca)
[19:04:37] 15 tmRNA [276533,276884] 85,123 ANSDSFDYALAA*
[19:04:37] 16 tRNA-Ala [280194,280267] 35 (tgc)
[19:04:37] 17 tRNA-Leu c[351812,351894] 35 (caa)
[19:04:37] 18 tRNA-Gly c[353846,353919] 35 (tcc)
[19:04:37] 19 tRNA-Gln [395662,395736] 34 (ttg)
[19:04:37] 20 tRNA-Thr [523524,523598] 36 (tgt)
[19:04:37] 21 tRNA-Tyr [523608,523690] 35 (gta)
[19:04:37] 22 tRNA-Lys [540756,540828] 34 (ctt)
[19:04:37] 23 tRNA-Leu [540887,540969] 36 (tag)
[19:04:37] 24 tRNA-Gly [540979,541050] 33 (gcc)
[19:04:37] 25 tRNA-Asn [581428,581502] 35 (gtt)
[19:04:37] 26 tRNA-Cys c[598767,598838] 33 (gca)
[19:04:37] 27 tRNA-Arg [642154,642226] 34 (cct)
[19:04:37] 28 tRNA-Pro c[642237,642311] 33 (cgg)
[19:04:37] 29 tRNA-Asp c[642361,642437] 36 (gtc)
[19:04:37] 30 tRNA-Met c[642505,642579] 35 (cat)
[19:04:37] 31 tRNA-Arg [658290,658363] 35 (ccg)
[19:04:37] 32 tRNA-Arg c[697383,697457] 35 (tcg)
[19:04:37] 33 tRNA-His c[697471,697543] 33 (gtg)
[19:04:37] 34 tRNA-Phe [697680,697752] 34 (gaa)
[19:04:37] 35 tRNA-Pro [729844,729916] 34 (tgg)
[19:04:37] 36 tRNA-Arg [734239,734312] 35 (tct)
[19:04:37] 37 tRNA-Val [742467,742538] 33 (cac)
[19:04:37] 38 tRNA-Met c[760021,760094] 35 (cat)
[19:04:37] 39 tRNA-Pro [767249,767322] 35 (ggg)
[19:04:37] 40 tRNA-Lys c[841805,841879] 35 (ttt)
[19:04:37] 41 tRNA-Leu [842022,842106] 35 (cag)
[19:04:37] 42 tRNA-Ala [1002824,1002897] 34 (cgc)
[19:04:37] 43 tRNA-Thr c[1005434,1005506] 34 (cgt)
[19:04:37] 44 tRNA-Val [1017521,1017594] 35 (gac)
[19:04:37] 45 tRNA-Leu c[1078378,1078463] 35 (taa)
[19:04:37] 46 tRNA-Ala c[1082508,1082584] 36 (ggc)
[19:04:37] Found 46 tRNAs
[19:04:37] Predicting Ribosomal RNAs
[19:04:37] Running Barrnap with 8 threads
[19:04:38] 1 AE000520.1 230104 16S ribosomal RNA
[19:04:38] 2 AE000520.1 231946 23S ribosomal RNA
[19:04:38] 3 AE000520.1 234949 5S ribosomal RNA
[19:04:38] 4 AE000520.1 278537 16S ribosomal RNA
[19:04:38] 5 AE000520.1 280390 23S ribosomal RNA
[19:04:38] 6 AE000520.1 283393 5S ribosomal RNA
[19:04:38] Found 6 rRNAs
[19:04:38] Skipping ncRNA search, enable with --rfam if desired.
[19:04:38] Total of 51 tRNA + rRNA features
[19:04:38] Searching for CRISPR repeats
[19:04:38] Found 0 CRISPRs
[19:04:38] Predicting coding sequences
[19:04:38] Contigs total 1138011 bp, so using single mode
[19:04:38] Running: prodigal -i \/home\/maulanmi\/genome_annotation\/prokka_with_genes\/GCA_000008605\.1_ASM860v1_genomic_output\/PROKKA_09282024\.fna -c -m -g 11 -p single -f sco -q
[19:04:41] Excluding CDS which overlaps existing RNA (tRNA) at AE000520.1:350288..352012 on + strand
[19:04:41] Excluding CDS which overlaps existing RNA (tRNA) at AE000520.1:395629..396366 on + strand
[19:04:41] Excluding CDS which overlaps existing RNA (tRNA) at AE000520.1:540681..541118 on + strand
[19:04:41] Excluding CDS which overlaps existing RNA (tRNA) at AE000520.1:642453..642608 on - strand
[19:04:41] Excluding CDS which overlaps existing RNA (tRNA) at AE000520.1:697323..697529 on - strand
[19:04:41] Excluding CDS which overlaps existing RNA (tRNA) at AE000520.1:734274..735461 on - strand
[19:04:41] Excluding CDS which overlaps existing RNA (tRNA) at AE000520.1:840597..841829 on - strand
[19:04:41] Excluding CDS which overlaps existing RNA (tRNA) at AE000520.1:1080870..1082546 on - strand
[19:04:41] Found 1001 CDS
[19:04:41] Connecting features back to sequences
[19:04:41] Not using genus-specific database. Try --usegenus to enable it.
[19:04:41] Annotating CDS, please be patient.
[19:04:41] Will use 8 CPUs for similarity searching.
[19:04:41] There are still 1001 unannotated CDS left (started with 1001)
[19:04:41] Will use blast to search against /ibex/sw/csi/prokka/1.14.5/conda2/miniconda2/db/kingdom/Bacteria/IS with 8 CPUs
[19:04:41] Running: cat \/home\/maulanmi\/genome_annotation\/prokka_with_genes\/GCA_000008605\.1_ASM860v1_genomic_output\/PROKKA_09282024\.IS\.tmp\.2947131\.faa | parallel --gnu --plain -j 8 --block 22076 --recstart '>' --pipe blastp -query - -db /ibex/sw/csi/prokka/1.14.5/conda2/miniconda2/db/kingdom/Bacteria/IS -evalue 1e-30 -qcov_hsp_perc 90 -num_threads 1 -num_descriptions 1 -num_alignments 1 -seg no > \/home\/maulanmi\/genome_annotation\/prokka_with_genes\/GCA_000008605\.1_ASM860v1_genomic_output\/PROKKA_09282024\.IS\.tmp\.2947131\.blast 2> /dev/null
[19:04:44] Deleting unwanted file: /home/maulanmi/genome_annotation/prokka_with_genes/GCA_000008605.1_ASM860v1_genomic_output/PROKKA_09282024.IS.tmp.2947131.faa
[19:04:44] Deleting unwanted file: /home/maulanmi/genome_annotation/prokka_with_genes/GCA_000008605.1_ASM860v1_genomic_output/PROKKA_09282024.IS.tmp.2947131.blast
[19:04:45] There are still 1001 unannotated CDS left (started with 1001)
[19:04:45] Will use blast to search against /ibex/sw/csi/prokka/1.14.5/conda2/miniconda2/db/kingdom/Bacteria/AMR with 8 CPUs
[19:04:45] Running: cat \/home\/maulanmi\/genome_annotation\/prokka_with_genes\/GCA_000008605\.1_ASM860v1_genomic_output\/PROKKA_09282024\.AMR\.tmp\.2947131\.faa | parallel --gnu --plain -j 8 --block 22076 --recstart '>' --pipe blastp -query - -db /ibex/sw/csi/prokka/1.14.5/conda2/miniconda2/db/kingdom/Bacteria/AMR -evalue 9.99999999999999e-301 -qcov_hsp_perc 90 -num_threads 1 -num_descriptions 1 -num_alignments 1 -seg no > \/home\/maulanmi\/genome_annotation\/prokka_with_genes\/GCA_000008605\.1_ASM860v1_genomic_output\/PROKKA_09282024\.AMR\.tmp\.2947131\.blast 2> /dev/null
[19:04:47] Deleting unwanted file: /home/maulanmi/genome_annotation/prokka_with_genes/GCA_000008605.1_ASM860v1_genomic_output/PROKKA_09282024.AMR.tmp.2947131.faa
[19:04:47] Deleting unwanted file: /home/maulanmi/genome_annotation/prokka_with_genes/GCA_000008605.1_ASM860v1_genomic_output/PROKKA_09282024.AMR.tmp.2947131.blast
[19:04:47] There are still 1001 unannotated CDS left (started with 1001)
[19:04:47] Will use blast to search against /ibex/sw/csi/prokka/1.14.5/conda2/miniconda2/db/kingdom/Bacteria/sprot with 8 CPUs
[19:04:47] Running: cat \/home\/maulanmi\/genome_annotation\/prokka_with_genes\/GCA_000008605\.1_ASM860v1_genomic_output\/PROKKA_09282024\.sprot\.tmp\.2947131\.faa | parallel --gnu --plain -j 8 --block 22076 --recstart '>' --pipe blastp -query - -db /ibex/sw/csi/prokka/1.14.5/conda2/miniconda2/db/kingdom/Bacteria/sprot -evalue 1e-09 -qcov_hsp_perc 80 -num_threads 1 -num_descriptions 1 -num_alignments 1 -seg no > \/home\/maulanmi\/genome_annotation\/prokka_with_genes\/GCA_000008605\.1_ASM860v1_genomic_output\/PROKKA_09282024\.sprot\.tmp\.2947131\.blast 2> /dev/null
[19:04:58] Modify product: 1,4-alpha-glucan branching enzyme TTHA1902 => 1,4-alpha-glucan branching enzyme
[19:04:58] Modify product: Probable peptidoglycan glycosyltransferase FtsW => putative peptidoglycan glycosyltransferase FtsW
[19:04:58] Modify product: Probable ATP synthase YscN => putative ATP synthase YscN
[19:04:58] Modify product: Probable dual-specificity RNA methyltransferase RlmN => putative dual-specificity RNA methyltransferase RlmN
[19:04:58] Modify product: Cyclic di-GMP binding protein TDE_0214 => Cyclic di-GMP binding protein
[19:04:58] Modify product: Uncharacterized protein TP_0004 => putative protein
[19:04:58] Modify product: UPF0053 protein HI_0107 => hypothetical protein
[19:04:58] Modify product: UPF0053 protein HI_0107 => hypothetical protein
[19:04:58] Modify product: Probable transcriptional regulatory protein aq_1575 => putative transcriptional regulatory protein
[19:04:58] Modify product: Outer membrane protein TP0453 => Outer membrane protein
[19:04:59] Modify product: Probable riboflavin import ATP-binding protein RfuB => putative riboflavin import ATP-binding protein RfuB
[19:04:59] Modify product: Probable riboflavin import ATP-binding protein RfuB => putative riboflavin import ATP-binding protein RfuB
[19:04:59] Modify product: Probable riboflavin import permease protein RfuC => putative riboflavin import permease protein RfuC
[19:04:59] Modify product: Probable riboflavin import permease protein RfuD => putative riboflavin import permease protein RfuD
[19:04:59] Modify product: Probable riboflavin import permease protein RfuD => putative riboflavin import permease protein RfuD
[19:04:59] Modify product: Putative outer membrane protein assembly factor TP_0326 => Putative outer membrane protein assembly factor
[19:04:59] Modify product: Uncharacterized protein TP_0183 => putative protein
[19:04:59] Modify product: Probable tRNA sulfurtransferase => putative tRNA sulfurtransferase
[19:04:59] Modify product: Putative DD-carboxypeptidase TP_0574 => Putative DD-carboxypeptidase
[19:04:59] Modify product: Putative zinc metalloprotease aq_1964 => Putative zinc metalloprotease
[19:04:59] Modify product: Probable ABC transporter ATP-binding protein M6_Spy0273 => putative ABC transporter ATP-binding protein
[19:04:59] Modify product: UPF0051 protein SA0778 => hypothetical protein
[19:04:59] Modify product: Bifunctional protein FolD => Bifunctional protein FolD protein
[19:04:59] Modify product: Dihydroorotate dehydrogenase B (NAD(+)), electron transfer subunit homolog => Dihydroorotate dehydrogenase B (NAD(+)), electron transfer subunit 
[19:04:59] Modify product: Uncharacterized protein TP_0751 => putative protein
[19:04:59] Modify product: UPF0102 protein RPA0323 => hypothetical protein
[19:04:59] Modify product: Probable NADH oxidase => putative NADH oxidase
[19:04:59] Modify product: Probable peptidyl-prolyl cis-trans isomerase => putative peptidyl-prolyl cis-trans isomerase
[19:04:59] Modify product: Uncharacterized protein TP_0956 => putative protein
[19:04:59] Modify product: Uncharacterized ABC transporter ATP-binding protein YknY => putative ABC transporter ATP-binding protein YknY
[19:04:59] Modify product: Uncharacterized ABC transporter ATP-binding protein YbiT => putative ABC transporter ATP-binding protein YbiT
[19:04:59] Modify product: GTP cyclohydrolase 1 type 2 homolog => GTP cyclohydrolase 1 type 2 
[19:04:59] Modify product: Uncharacterized metal-dependent hydrolase YcfH => putative metal-dependent hydrolase YcfH
[19:04:59] Modify product: Probable tRNA-dihydrouridine synthase => putative tRNA-dihydrouridine synthase
[19:04:59] Modify product: UPF0056 inner membrane protein YhgN => hypothetical protein
[19:04:59] Modify product: UPF0073 inner membrane protein YqfA => hypothetical protein
[19:04:59] Cleaned 36 /product names
[19:04:59] Deleting unwanted file: /home/maulanmi/genome_annotation/prokka_with_genes/GCA_000008605.1_ASM860v1_genomic_output/PROKKA_09282024.sprot.tmp.2947131.faa
[19:04:59] Deleting unwanted file: /home/maulanmi/genome_annotation/prokka_with_genes/GCA_000008605.1_ASM860v1_genomic_output/PROKKA_09282024.sprot.tmp.2947131.blast
[19:04:59] There are still 567 unannotated CDS left (started with 1001)
[19:04:59] Will use hmmer3 to search against /ibex/sw/csi/prokka/1.14.5/conda2/miniconda2/db/hmm/HAMAP.hmm with 8 CPUs
[19:04:59] Running: cat \/home\/maulanmi\/genome_annotation\/prokka_with_genes\/GCA_000008605\.1_ASM860v1_genomic_output\/PROKKA_09282024\.HAMAP\.hmm\.tmp\.2947131\.faa | parallel --gnu --plain -j 8 --block 12047 --recstart '>' --pipe hmmscan --noali --notextw --acc -E 1e-09 --cpu 1 /ibex/sw/csi/prokka/1.14.5/conda2/miniconda2/db/hmm/HAMAP.hmm /dev/stdin > \/home\/maulanmi\/genome_annotation\/prokka_with_genes\/GCA_000008605\.1_ASM860v1_genomic_output\/PROKKA_09282024\.HAMAP\.hmm\.tmp\.2947131\.hmmer3 2> /dev/null
[19:05:02] Deleting unwanted file: /home/maulanmi/genome_annotation/prokka_with_genes/GCA_000008605.1_ASM860v1_genomic_output/PROKKA_09282024.HAMAP.hmm.tmp.2947131.faa
[19:05:02] Deleting unwanted file: /home/maulanmi/genome_annotation/prokka_with_genes/GCA_000008605.1_ASM860v1_genomic_output/PROKKA_09282024.HAMAP.hmm.tmp.2947131.hmmer3
[19:05:02] Labelling remaining 460 proteins as 'hypothetical protein'
[19:05:02] Possible /pseudo 'Chaperone protein DnaJ' at AE000520.1 position 221779
[19:05:02] Possible /pseudo 'putative riboflavin import ATP-binding protein RfuB' at AE000520.1 position 312368
[19:05:02] Possible /pseudo 'L-cystine-binding protein FliY' at AE000520.1 position 325542
[19:05:02] Possible /pseudo 'Flagellar basal-body rod protein FlgG' at AE000520.1 position 1042372
[19:05:02] Possible /pseudo 'Macrolide export ATP-binding/permease protein MacB' at AE000520.1 position 1044616
[19:05:02] Found 465 unique /gene codes.
[19:05:02] Fixed 2 duplicate /gene - ftsH_1 ftsH_2
[19:05:02] Fixed 2 duplicate /gene - ntpB_1 ntpB_2
[19:05:02] Fixed 3 duplicate /gene - smc_1 smc_2 smc_3
[19:05:02] Fixed 2 duplicate /gene - atpE_1 atpE_2
[19:05:02] Fixed 2 duplicate /gene - alsT_1 alsT_2
[19:05:02] Fixed 2 duplicate /gene - mglB_1 mglB_2
[19:05:02] Fixed 2 duplicate /gene - fusA_1 fusA_2
[19:05:02] Fixed 2 duplicate /gene - lnt_1 lnt_2
[19:05:02] Fixed 2 duplicate /gene - macB_1 macB_2
[19:05:02] Fixed 2 duplicate /gene - ylxH_1 ylxH_2
[19:05:02] Fixed 2 duplicate /gene - cmk_1 cmk_2
[19:05:02] Fixed 2 duplicate /gene - atpD_1 atpD_2
[19:05:02] Fixed 4 duplicate /gene - dnaJ_1 dnaJ_2 dnaJ_3 dnaJ_4
[19:05:02] Fixed 6 duplicate /gene - bepA_1 bepA_2 bepA_3 bepA_4 bepA_5 bepA_6
[19:05:02] Fixed 2 duplicate /gene - potA_1 potA_2
[19:05:02] Fixed 2 duplicate /gene - deaD_1 deaD_2
[19:05:02] Fixed 2 duplicate /gene - ruvB_1 ruvB_2
[19:05:02] Fixed 2 duplicate /gene - lapB_1 lapB_2
[19:05:02] Fixed 2 duplicate /gene - rbn_1 rbn_2
[19:05:02] Fixed 2 duplicate /gene - clpP_1 clpP_2
[19:05:02] Fixed 2 duplicate /gene - fliG_1 fliG_2
[19:05:02] Fixed 2 duplicate /gene - pgk/tpi_1 pgk/tpi_2
[19:05:02] Fixed 2 duplicate /gene - pcrA_1 pcrA_2
[19:05:02] Fixed 2 duplicate /gene - flhB_1 flhB_2
[19:05:02] Fixed 2 duplicate /gene - gph_1 gph_2
[19:05:02] Fixed 2 duplicate /gene - fliY_1 fliY_2
[19:05:02] Fixed 2 duplicate /gene - pal_1 pal_2
[19:05:02] Fixed 2 duplicate /gene - ktrA_1 ktrA_2
[19:05:02] Fixed 3 duplicate /gene - cpoB_1 cpoB_2 cpoB_3
[19:05:02] Fixed 2 duplicate /gene - rfuB_1 rfuB_2
[19:05:02] Fixed 2 duplicate /gene - flgG_1 flgG_2
[19:05:02] Fixed 2 duplicate /gene - rlmB_1 rlmB_2
[19:05:02] Fixed 2 duplicate /gene - rfuD_1 rfuD_2
[19:05:02] Fixed 2 duplicate /gene - nth_1 nth_2
[19:05:02] Fixed 2 duplicate /gene - arnB_1 arnB_2
[19:05:02] Fixed 2 duplicate /gene - ftsY_1 ftsY_2
[19:05:02] Fixed 36 colliding /gene names.
[19:05:02] Adding /locus_tag identifiers
[19:05:02] Assigned 1053 locus_tags to CDS and RNA features.
[19:05:02] Writing outputs to /home/maulanmi/genome_annotation/prokka_with_genes/GCA_000008605.1_ASM860v1_genomic_output/
[19:05:03] Generating annotation statistics file
[19:05:03] Generating Genbank and Sequin files
[19:05:03] Running: tbl2asn -V b -a r10k -l paired-ends -M n -N 1 -y 'Annotated using prokka 1.14.6 from https://github.com/tseemann/prokka' -Z \/home\/maulanmi\/genome_annotation\/prokka_with_genes\/GCA_000008605\.1_ASM860v1_genomic_output\/PROKKA_09282024\.err -i \/home\/maulanmi\/genome_annotation\/prokka_with_genes\/GCA_000008605\.1_ASM860v1_genomic_output\/PROKKA_09282024\.fsa 2> /dev/null
[19:05:05] Deleting unwanted file: /home/maulanmi/genome_annotation/prokka_with_genes/GCA_000008605.1_ASM860v1_genomic_output/errorsummary.val
[19:05:05] Deleting unwanted file: /home/maulanmi/genome_annotation/prokka_with_genes/GCA_000008605.1_ASM860v1_genomic_output/PROKKA_09282024.dr
[19:05:05] Deleting unwanted file: /home/maulanmi/genome_annotation/prokka_with_genes/GCA_000008605.1_ASM860v1_genomic_output/PROKKA_09282024.fixedproducts
[19:05:05] Deleting unwanted file: /home/maulanmi/genome_annotation/prokka_with_genes/GCA_000008605.1_ASM860v1_genomic_output/PROKKA_09282024.ecn
[19:05:05] Deleting unwanted file: /home/maulanmi/genome_annotation/prokka_with_genes/GCA_000008605.1_ASM860v1_genomic_output/PROKKA_09282024.val
[19:05:05] Repairing broken .GBK output that tbl2asn produces...
[19:05:05] Running: sed 's/COORDINATES: profile/COORDINATES:profile/' < \/home\/maulanmi\/genome_annotation\/prokka_with_genes\/GCA_000008605\.1_ASM860v1_genomic_output\/PROKKA_09282024\.gbf > \/home\/maulanmi\/genome_annotation\/prokka_with_genes\/GCA_000008605\.1_ASM860v1_genomic_output\/PROKKA_09282024\.gbk
[19:05:05] Deleting unwanted file: /home/maulanmi/genome_annotation/prokka_with_genes/GCA_000008605.1_ASM860v1_genomic_output/PROKKA_09282024.gbf
[19:05:05] Output files:
[19:05:05] /home/maulanmi/genome_annotation/prokka_with_genes/GCA_000008605.1_ASM860v1_genomic_output/PROKKA_09282024.log
[19:05:05] /home/maulanmi/genome_annotation/prokka_with_genes/GCA_000008605.1_ASM860v1_genomic_output/PROKKA_09282024.fna
[19:05:05] /home/maulanmi/genome_annotation/prokka_with_genes/GCA_000008605.1_ASM860v1_genomic_output/PROKKA_09282024.gff
[19:05:05] /home/maulanmi/genome_annotation/prokka_with_genes/GCA_000008605.1_ASM860v1_genomic_output/PROKKA_09282024.faa
[19:05:05] /home/maulanmi/genome_annotation/prokka_with_genes/GCA_000008605.1_ASM860v1_genomic_output/PROKKA_09282024.ffn
[19:05:05] /home/maulanmi/genome_annotation/prokka_with_genes/GCA_000008605.1_ASM860v1_genomic_output/PROKKA_09282024.tbl
[19:05:05] /home/maulanmi/genome_annotation/prokka_with_genes/GCA_000008605.1_ASM860v1_genomic_output/PROKKA_09282024.fsa
[19:05:05] /home/maulanmi/genome_annotation/prokka_with_genes/GCA_000008605.1_ASM860v1_genomic_output/PROKKA_09282024.tsv
[19:05:05] /home/maulanmi/genome_annotation/prokka_with_genes/GCA_000008605.1_ASM860v1_genomic_output/PROKKA_09282024.txt
[19:05:05] /home/maulanmi/genome_annotation/prokka_with_genes/GCA_000008605.1_ASM860v1_genomic_output/PROKKA_09282024.gbk
[19:05:05] /home/maulanmi/genome_annotation/prokka_with_genes/GCA_000008605.1_ASM860v1_genomic_output/PROKKA_09282024.sqn
[19:05:05] /home/maulanmi/genome_annotation/prokka_with_genes/GCA_000008605.1_ASM860v1_genomic_output/PROKKA_09282024.err
[19:05:05] Annotation finished successfully.
[19:05:05] Walltime used: 0.48 minutes
[19:05:05] If you use this result please cite the Prokka paper:
[19:05:05] Seemann T (2014) Prokka: rapid prokaryotic genome annotation. Bioinformatics. 30(14):2068-9.
[19:05:05] Type 'prokka --citation' for more details.
[19:05:05] Share and enjoy!
